[INFO] ATRACE(1682716,python):2024-07-23-11:56:23.281.042 [atrace_client_core.c:165](tid:1682716) start to recv device[1] trace log.
[INFO] TDT(1682716,python):2024-07-23-11:56:23.281.339 [client_manager.cpp:397][IsHostEnvironment][tid:1682716] [TsdClient] logicDeviceId is [1], hostaicpunum[0]
[INFO] TDT(1682716,python):2024-07-23-11:56:23.281.359 [client_manager.cpp:426][GetClientRunMode][tid:1682716] runningMode:0
[INFO] TDT(1682716,python):2024-07-23-11:56:23.281.368 [client_manager.cpp:104][GetInstance][tid:1682716] curmode:1
[INFO] TDT(1682716,python):2024-07-23-11:56:23.281.521 [process_mode_manager.cpp:135][OpenProcess][tid:1682716] [ProcessModeManager] enter into open process deviceId[1] rankSize[0]
[INFO] TDT(1682716,python):2024-07-23-11:56:23.282.714 [process_mode_manager.cpp:496][InitTsdClient][tid:1682716] [TsdClient] deviceId[1] begin to init hdc client
[INFO] TDT(1682716,python):2024-07-23-11:56:23.282.827 [version_verify.cpp:36][SetVersionInfo][tid:1682716] VersionVerify: send client version to server
[INFO] TDT(1682716,python):2024-07-23-11:56:23.282.864 [version_verify.cpp:52][SetVersionInfo][tid:1682716] send feature_info:{msg_type:35, features:{check before send aicpu package,}}
[INFO] TDT(1682716,python):2024-07-23-11:56:23.282.877 [version_verify.cpp:52][SetVersionInfo][tid:1682716] send feature_info:{msg_type:37, features:{check before send open qs message,}}
[INFO] TDT(1682716,python):2024-07-23-11:56:23.282.888 [version_verify.cpp:52][SetVersionInfo][tid:1682716] send feature_info:{msg_type:64, features:{get check code retry,}}
[INFO] TDT(1682716,python):2024-07-23-11:56:23.283.131 [version_verify.cpp:68][PeerVersionCheck][tid:1682716] VersionVerify: Check client version info, server[1230], client[1230]
[INFO] TDT(1682716,python):2024-07-23-11:56:23.283.151 [version_verify.cpp:89][ParseVersionInfo][tid:1682716] VersionVerify: pass client version info success
[INFO] TDT(1682716,python):2024-07-23-11:56:23.283.160 [hdc_client.cpp:275][CheckHdcConnection][tid:1682716] Service[2] create hdc success
[INFO] TDT(1682716,python):2024-07-23-11:56:23.283.175 [version_verify.cpp:122][SpecialFeatureCheck][tid:1682716] VersionVerify: new type[35], supported
[INFO] TDT(1682716,python):2024-07-23-11:56:23.283.228 [process_mode_manager.cpp:858][GetDeviceCheckCodeOnce][tid:1682716] [TsdClient][deviceId=1] [sessionId=1] wait package info respond
[INFO] TDT(1682716,python):2024-07-23-11:56:23.284.206 [version_verify.cpp:122][SpecialFeatureCheck][tid:1682716] VersionVerify: new type[64], supported
[INFO] TDT(1682716,python):2024-07-23-11:56:23.284.265 [process_mode_manager.cpp:496][InitTsdClient][tid:1682716] [TsdClient] deviceId[1] begin to init hdc client
[INFO] TDT(1682716,python):2024-07-23-11:56:23.284.338 [version_verify.cpp:36][SetVersionInfo][tid:1682716] VersionVerify: send client version to server
[INFO] TDT(1682716,python):2024-07-23-11:56:23.284.352 [version_verify.cpp:52][SetVersionInfo][tid:1682716] send feature_info:{msg_type:35, features:{check before send aicpu package,}}
[INFO] TDT(1682716,python):2024-07-23-11:56:23.284.361 [version_verify.cpp:52][SetVersionInfo][tid:1682716] send feature_info:{msg_type:37, features:{check before send open qs message,}}
[INFO] TDT(1682716,python):2024-07-23-11:56:23.284.371 [version_verify.cpp:52][SetVersionInfo][tid:1682716] send feature_info:{msg_type:64, features:{get check code retry,}}
[INFO] TDT(1682716,python):2024-07-23-11:56:23.284.512 [version_verify.cpp:68][PeerVersionCheck][tid:1682716] VersionVerify: Check client version info, server[1230], client[1230]
[INFO] TDT(1682716,python):2024-07-23-11:56:23.284.525 [version_verify.cpp:89][ParseVersionInfo][tid:1682716] VersionVerify: pass client version info success
[INFO] TDT(1682716,python):2024-07-23-11:56:23.284.533 [hdc_client.cpp:275][CheckHdcConnection][tid:1682716] Service[2] create hdc success
[INFO] TDT(1682716,python):2024-07-23-11:56:23.284.545 [process_mode_manager.cpp:543][ConstructOpenMsg][tid:1682716] [TsdClient] tsd get process sign successfully, procpid[1682716] signSize[48]
[INFO] TDT(1682716,python):2024-07-23-11:56:23.284.556 [version_verify.cpp:114][SpecialFeatureCheck][tid:1682716] VersionVerify: previous type[6], supported
[INFO] TDT(1682716,python):2024-07-23-11:56:23.284.587 [process_mode_manager.cpp:152][OpenProcess][tid:1682716] [ProcessModeManager] deviceId[1] sessionId[1] rankSize[0], wait sub process start respond
[INFO] DRV(1682716,python):2024-07-23-11:56:23.429.247 [ascend][curpid: 1682716, 1682716][drv][devmm][devmm_setup_device 88]DrvMemDeviceOpen. (devid=1)
[INFO] DRV(1682716,python):2024-07-23-11:56:23.431.310 [ascend][curpid: 1682716, 1682716][drv][devmm][devmm_ioctl_init_process 394]Init_process details. (hostpid=1682716)
[INFO] DRV(1682716,python):2024-07-23-11:56:23.431.595 [ascend][curpid: 1682716, 1682716][drv][devmm][share_log_read_in_single_module 634]Setup device succeeded. (logical_devid=1; devid=1; vfid=0; hostpid=1682716; devpid=6765)
[INFO] TDT(1682716,python):2024-07-23-11:56:23.431.960 [stub_process_mode_nowin.cpp:63][ProcessQueueForMdc][tid:1682716] [TsdClient] it is unnecessary of current mode[0] chiptype[5] to grant queue auth to aicpusd
[INFO] TDT(1682716,python):2024-07-23-11:56:23.431.986 [stub_process_mode_nowin.cpp:101][OpenInHost][tid:1682716] enter into OpenInHost deviceid[1]
[INFO] TDT(1682716,python):2024-07-23-11:56:23.432.018 [client_manager.cpp:397][IsHostEnvironment][tid:1682716] [TsdClient] logicDeviceId is [1], hostaicpunum[0]
[INFO] TDT(1682716,python):2024-07-23-11:56:23.432.028 [stub_process_mode_nowin.cpp:105][OpenInHost][tid:1682716] host cpu not support
[INFO] TDT(1682716,python):2024-07-23-11:56:23.432.035 [process_mode_manager.cpp:186][OpenProcess][tid:1682716] [TsdClient][deviceId=1] [sessionId=1] start hccp and computer process success
[INFO] DRV(1682716,python):2024-07-23-11:56:23.435.806 [ascend][curpid: 1682716, 1682716][drv][devmm][devmm_setup_device 88]DrvMemDeviceOpen. (devid=1)
[INFO] RUNTIME(1682716,python):2024-07-23-11:56:23.435.905 [device.cc:343] 1682716 Init: isAddrFlat:0
[INFO] TDT(1682716,python):2024-07-23-11:56:23.436.787 [tsd_client.cpp:182][TsdCapabilityGet][tid:1682716] TsdCapabilityGet Begin.
[INFO] TDT(1682716,python):2024-07-23-11:56:23.436.811 [process_mode_manager.cpp:1287][CapabilityGet][tid:1682716] [ProcessModeManager] enter into CapabilityGet process deviceId[1] type[0]
[INFO] TDT(1682716,python):2024-07-23-11:56:23.436.827 [version_verify.cpp:114][SpecialFeatureCheck][tid:1682716] VersionVerify: previous type[38], supported
[INFO] TDT(1682716,python):2024-07-23-11:56:23.436.869 [process_mode_manager.cpp:1310][CapabilityGet][tid:1682716] [TsdClient][deviceId=1] [sessionId=1] [type=0]send capability success
[INFO] TDT(1682716,python):2024-07-23-11:56:23.437.507 [process_mode_manager.cpp:769][PidQosMsgProc][tid:1682716] [TsdClient] PidQosMsgProc recvMsg realDeviceId[1] msgType[39] localDevId[1] rspCode[0],pidqos[1]
[INFO] TDT(1682716,python):2024-07-23-11:56:23.437.524 [process_mode_manager.cpp:1315][CapabilityGet][tid:1682716] [TsdClient][logicDeviceId_=1][type=0][pidQos=1][ret=0]recv capability respond finish
[INFO] RUNTIME(1682716,python):2024-07-23-11:56:23.450.166 [npu_driver.cc:5589] 1685073 GetDeviceStatus: GetDeviceStatus status=1.
[INFO] ATRACE(1682716,python):2024-07-23-11:56:23.451.999 [tracer_mgr_operate.c:66](tid:1682716) create object RUNTIME_ATRACE_DEV1_TS0 success, exitSave(false).
[INFO] TDT(1682716,python):2024-07-23-11:56:23.452.048 [client_manager.cpp:164][SetProfilingCallback][tid:1682716] [TsdClient] set profiling callback success
[INFO] GE(1682716,python):2024-07-23-11:56:23.517.974 [ge_api.cc:172][status:INIT]1682716 GEInitializeImpl:GEInitialize start
[INFO] GE(1682716,python):2024-07-23-11:56:23.518.048 [ge_api.cc:186][EVENT]1682716 GEInitializeImpl:[GEPERFTRACE] The time cost of GEInitialize::GEAPICheckSupportedGlobalOptions is [15] micro second.
[INFO] GE(1682716,python):2024-07-23-11:56:23.530.907 [ge_api.cc:203][EVENT]1682716 GEInitializeImpl:[GEPERFTRACE] The time cost of GEInitialize::CheckOptionsValid is [57] micro second.
[INFO] GE(1682716,python):2024-07-23-11:56:23.891.103 [ge_api.cc:218][EVENT]1682716 GEInitializeImpl:[GEPERFTRACE] The time cost of GEInitialize::ManagerInitialize is [359338] micro second.
[INFO] PROFILING(1682716,python):2024-07-23-11:56:23.897.716 [platform.cpp:48] >>> (tid:1682716) Profiling platform version: 1.0.
[INFO] PROFILING(1682716,python):2024-07-23-11:56:23.897.781 [platform.cpp:260] >>> (tid:1682716) Succeeded to DrvGetApiVersion version: 0x72317
[INFO] GE(1682716,python):2024-07-23-11:56:23.897.958 [ge_api.cc:233][EVENT]1682716 GEInitializeImpl:[GEPERFTRACE] The time cost of GEInitialize::InitProfiling is [6731] micro second.
[INFO] GE(1682716,python):2024-07-23-11:56:23.962.617 [ge_api.cc:243][EVENT]1682716 GEInitializeImpl:[GEPERFTRACE] The time cost of GEInitialize::InitPreparation is [63958] micro second.
[INFO] GE(1682716,python):2024-07-23-11:56:23.962.676 [gelib.cc:91][EVENT]1682716 Initialize:[GEPERFTRACE] GE Init Start
[INFO] GE(1682716,python):2024-07-23-11:56:23.962.730 [gelib.cc:157][EVENT]1682716 Initialize:[GEPERFTRACE] The time cost of GELib::InitializePrepare is [38] micro second.
[INFO] GE(1682716,python):2024-07-23-11:56:23.963.002 [gelib.cc:312][EVENT]1682716 SystemInitialize:Online infer init GELib success, device id :1
[INFO] GE(1682716,python):2024-07-23-11:56:23.963.022 [gelib.cc:184][EVENT]1682716 InnerInitialize:[GEPERFTRACE] The time cost of InnerInitialize::SystemInitialize is [66] micro second.
[INFO] GE(1682716,python):2024-07-23-11:56:24.068.190 [process_node_engine_manager.cc:63][EVENT]1682716 Initialize:[GEPERFTRACE] The time cost of ProcessNodeEngineManager::Initialize[HOST_CPU] is [2] micro second.
[INFO] GE(1682716,python):2024-07-23-11:56:24.068.245 [process_node_engine_manager.cc:63][EVENT]1682716 Initialize:[GEPERFTRACE] The time cost of ProcessNodeEngineManager::Initialize[NPU] is [4] micro second.
[INFO] GE(1682716,python):2024-07-23-11:56:24.068.259 [process_node_engine_manager.cc:63][EVENT]1682716 Initialize:[GEPERFTRACE] The time cost of ProcessNodeEngineManager::Initialize[PS] is [2] micro second.
[INFO] GE(1682716,python):2024-07-23-11:56:24.068.269 [process_node_engine_manager.cc:63][EVENT]1682716 Initialize:[GEPERFTRACE] The time cost of ProcessNodeEngineManager::Initialize[UDF] is [0] micro second.
[INFO] GE(1682716,python):2024-07-23-11:56:24.068.280 [gelib.cc:208][EVENT]1682716 InnerInitialize:[GEPERFTRACE] The time cost of InnerInitialize::ProcessNodeEngine is [3273] micro second.
[INFO] GE(1682716,python):2024-07-23-11:56:24.069.453 [dnnengine_manager.cc:41][EVENT]1682716 ~InvokeFuncPerfRecorder:[GEPERFTRACE] The time cost of InvokeAll [GetDNNEngineObjs] in [libengine.so] is [119] micro second.
[INFO] GE(1682716,python):2024-07-23-11:56:24.069.486 [dnnengine_manager.cc:128][EVENT]1682716 Initialize:[GEPERFTRACE] The time cost of DNNEngineManager::Initialize[AIcoreEngine] is [0] micro second.
[INFO] GE(1682716,python):2024-07-23-11:56:24.069.500 [dnnengine_manager.cc:128][EVENT]1682716 Initialize:[GEPERFTRACE] The time cost of DNNEngineManager::Initialize[DNN_HCCL] is [0] micro second.
[INFO] GE(1682716,python):2024-07-23-11:56:24.069.509 [dnnengine_manager.cc:128][EVENT]1682716 Initialize:[GEPERFTRACE] The time cost of DNNEngineManager::Initialize[DNN_VM_AICPU] is [0] micro second.
[INFO] GE(1682716,python):2024-07-23-11:56:24.069.518 [dnnengine_manager.cc:128][EVENT]1682716 Initialize:[GEPERFTRACE] The time cost of DNNEngineManager::Initialize[DNN_VM_AICPU_ASCEND] is [0] micro second.
[INFO] GE(1682716,python):2024-07-23-11:56:24.069.526 [dnnengine_manager.cc:128][EVENT]1682716 Initialize:[GEPERFTRACE] The time cost of DNNEngineManager::Initialize[DNN_VM_AICPU_ASCEND_FFTS_PLUS] is [0] micro second.
[INFO] GE(1682716,python):2024-07-23-11:56:24.069.535 [dnnengine_manager.cc:128][EVENT]1682716 Initialize:[GEPERFTRACE] The time cost of DNNEngineManager::Initialize[DNN_VM_AICPU_FFTS_PLUS] is [0] micro second.
[INFO] GE(1682716,python):2024-07-23-11:56:24.069.543 [dnnengine_manager.cc:128][EVENT]1682716 Initialize:[GEPERFTRACE] The time cost of DNNEngineManager::Initialize[DNN_VM_DVPP] is [0] micro second.
[INFO] GE(1682716,python):2024-07-23-11:56:24.069.551 [dnnengine_manager.cc:128][EVENT]1682716 Initialize:[GEPERFTRACE] The time cost of DNNEngineManager::Initialize[DNN_VM_GE_LOCAL] is [0] micro second.
[INFO] GE(1682716,python):2024-07-23-11:56:24.069.578 [dnnengine_manager.cc:128][EVENT]1682716 Initialize:[GEPERFTRACE] The time cost of DNNEngineManager::Initialize[DNN_VM_HOST_CPU] is [0] micro second.
[INFO] GE(1682716,python):2024-07-23-11:56:24.069.587 [dnnengine_manager.cc:128][EVENT]1682716 Initialize:[GEPERFTRACE] The time cost of DNNEngineManager::Initialize[DNN_VM_RTS] is [0] micro second.
[INFO] GE(1682716,python):2024-07-23-11:56:24.069.597 [dnnengine_manager.cc:128][EVENT]1682716 Initialize:[GEPERFTRACE] The time cost of DNNEngineManager::Initialize[DNN_VM_RTS_FFTS_PLUS] is [0] micro second.
[INFO] GE(1682716,python):2024-07-23-11:56:24.069.605 [dnnengine_manager.cc:128][EVENT]1682716 Initialize:[GEPERFTRACE] The time cost of DNNEngineManager::Initialize[DSAEngine] is [0] micro second.
[INFO] GE(1682716,python):2024-07-23-11:56:24.069.613 [dnnengine_manager.cc:128][EVENT]1682716 Initialize:[GEPERFTRACE] The time cost of DNNEngineManager::Initialize[VectorEngine] is [0] micro second.
[INFO] GE(1682716,python):2024-07-23-11:56:24.069.621 [dnnengine_manager.cc:128][EVENT]1682716 Initialize:[GEPERFTRACE] The time cost of DNNEngineManager::Initialize[ffts_plus] is [0] micro second.
[INFO] GE(1682716,python):2024-07-23-11:56:24.070.156 [gelib.cc:219][EVENT]1682716 InnerInitialize:[GEPERFTRACE] The time cost of InnerInitialize::EngineInitialize is [1865] micro second.
[INFO] GE(1682716,python):2024-07-23-11:56:24.073.432 [op_tiling_manager.cc:102][EVENT]1682716 ~FuncPerfScope:[GEPERFTRACE] The time cost of OpTilingManager::LoadSo is [3079] micro second.
[INFO] GE(1682716,python):2024-07-23-11:56:24.358.486 [plugin_manager.cc:629][EVENT]1682716 LoadSoWithFlags:[GEPERFTRACE] The time cost of PluginManager::Dlopen[/mnt/disk4/mikecheung/Ascend_0714/CANN-7.3/aarch64-linux/lib64/plugin/opskernel/libfe.so] is [284978] micro second.
[INFO] GE(1682716,python):2024-07-23-11:56:24.361.505 [plugin_manager.cc:629][EVENT]1682716 LoadSoWithFlags:[GEPERFTRACE] The time cost of PluginManager::Dlopen[/mnt/disk4/mikecheung/Ascend_0714/CANN-7.3/aarch64-linux/lib64/plugin/opskernel/libge_local_engine.so] is [2803] micro second.
[INFO] GE(1682716,python):2024-07-23-11:56:24.377.582 [plugin_manager.cc:629][EVENT]1682716 LoadSoWithFlags:[GEPERFTRACE] The time cost of PluginManager::Dlopen[/mnt/disk4/mikecheung/Ascend_0714/CANN-7.3/aarch64-linux/lib64/plugin/opskernel/librts_engine.so] is [15957] micro second.
[INFO] GE(1682716,python):2024-07-23-11:56:24.378.027 [plugin_manager.cc:629][EVENT]1682716 LoadSoWithFlags:[GEPERFTRACE] The time cost of PluginManager::Dlopen[/mnt/disk4/mikecheung/Ascend_0714/CANN-7.3/aarch64-linux/lib64/plugin/opskernel/libaicpu_ascend_engine.so] is [316] micro second.
[INFO] GE(1682716,python):2024-07-23-11:56:24.378.337 [plugin_manager.cc:629][EVENT]1682716 LoadSoWithFlags:[GEPERFTRACE] The time cost of PluginManager::Dlopen[/mnt/disk4/mikecheung/Ascend_0714/CANN-7.3/aarch64-linux/lib64/plugin/opskernel/libhost_cpu_engine.so] is [239] micro second.
[INFO] GE(1682716,python):2024-07-23-11:56:24.378.642 [plugin_manager.cc:629][EVENT]1682716 LoadSoWithFlags:[GEPERFTRACE] The time cost of PluginManager::Dlopen[/mnt/disk4/mikecheung/Ascend_0714/CANN-7.3/aarch64-linux/lib64/plugin/opskernel/libaicpu_tf_engine.so] is [244] micro second.
[INFO] GE(1682716,python):2024-07-23-11:56:24.418.700 [plugin_manager.cc:629][EVENT]1682716 LoadSoWithFlags:[GEPERFTRACE] The time cost of PluginManager::Dlopen[/mnt/disk4/mikecheung/Ascend_0714/CANN-7.3/aarch64-linux/lib64/plugin/opskernel/libffts.so] is [39991] micro second.
[INFO] GE(1682716,python):2024-07-23-11:56:24.423.494 [plugin_manager.cc:629][EVENT]1682716 LoadSoWithFlags:[GEPERFTRACE] The time cost of PluginManager::Dlopen[/mnt/disk4/mikecheung/Ascend_0714/CANN-7.3/aarch64-linux/lib64/plugin/opskernel/libdvpp_engine.so] is [4588] micro second.
[INFO] GE(1682716,python):2024-07-23-11:56:24.424.202 [plugin_manager.cc:629][EVENT]1682716 LoadSoWithFlags:[GEPERFTRACE] The time cost of PluginManager::Dlopen[/mnt/disk4/mikecheung/Ascend_0714/CANN-7.3/aarch64-linux/lib64/libhcom_graph_adaptor.so] is [603] micro second.
[INFO] GE(1682716,python):2024-07-23-11:56:24.424.276 [ops_kernel_manager.cc:78][EVENT]1682716 Initialize:[GEPERFTRACE] The time cost of OpsKernelManager::LoadPluginManagerSo is [350809] micro second.
[INFO] GE(1682716,python):2024-07-23-11:56:24.424.697 [dnnengine_manager.cc:41][EVENT]1682716 ~InvokeFuncPerfRecorder:[GEPERFTRACE] The time cost of InvokeAll [Initialize] in [libaicpu_ascend_engine.so] is [384] micro second.
[INFO] GE(1682716,python):2024-07-23-11:56:24.424.959 [dnnengine_manager.cc:41][EVENT]1682716 ~InvokeFuncPerfRecorder:[GEPERFTRACE] The time cost of InvokeAll [Initialize] in [libaicpu_tf_engine.so] is [238] micro second.
[INFO] GE(1682716,python):2024-07-23-11:56:24.425.006 [dnnengine_manager.cc:41][EVENT]1682716 ~InvokeFuncPerfRecorder:[GEPERFTRACE] The time cost of InvokeAll [Initialize] in [libdvpp_engine.so] is [25] micro second.
[INFO] ATRACE(1682716,python):2024-07-23-11:56:24.425.135 [tracer_mgr_operate.c:66](tid:1682716) create object FE_Global_Trace success, exitSave(false).
[INFO] ATRACE(1682716,python):2024-07-23-11:56:24.425.212 [tracer_mgr_operate.c:66](tid:1682716) create object FE_Statistics_Trace success, exitSave(false).
[INFO] TUNE(1682716,python):2024-07-23-11:56:24.432.542 [cann_kb_pyfunc_mgr.cpp:72][CANNKB][Tid:1682716]"CannKbPyfuncMgr: Enter PyObjectInit, reference_ is 0!"
[INFO] TUNE(1682716,python):2024-07-23-11:56:24.432.626 [handle_manager.cpp:115][CANNKB][Tid:1682716]"Start to run init functions to load dynamic python lib!"
[INFO] TUNE(1682716,python):2024-07-23-11:56:24.432.680 [handle_manager.cpp:407][CANNKB][Tid:1682716]"Init functions of loading dynamic python lib end!"
[INFO] TUNE(1682716,python):2024-07-23-11:56:24.432.690 [cann_kb_pyfunc_mgr.cpp:24][CANNKB][Tid:1682716]"CANN_KB_Py has already been initialized."
[INFO] TUNE(1682716,python):2024-07-23-11:56:24.432.771 [cann_kb_pyfunc_mgr.cpp:117][CANNKB][Tid:1682716]"CannKbPyfuncMgr: Run PyObjectInit successfully!"
[INFO] GE(1682716,python):2024-07-23-11:56:25.953.160 [dnnengine_manager.cc:41][EVENT]1682716 ~InvokeFuncPerfRecorder:[GEPERFTRACE] The time cost of InvokeAll [Initialize] in [libfe.so] is [1528129] micro second.
[INFO] GE(1682716,python):2024-07-23-11:56:26.114.894 [dnnengine_manager.cc:41][EVENT]1682716 ~InvokeFuncPerfRecorder:[GEPERFTRACE] The time cost of InvokeAll [Initialize] in [libffts.so] is [161665] micro second.
[INFO] GE(1682716,python):2024-07-23-11:56:26.115.001 [dnnengine_manager.cc:41][EVENT]1682716 ~InvokeFuncPerfRecorder:[GEPERFTRACE] The time cost of InvokeAll [Initialize] in [libge_local_engine.so] is [33] micro second.
[INFO] HCCL(1682716,python):2024-07-23-11:56:26.115.220 [plugin_manager.cc:42][1682716]hcom running normal mode.
[INFO] GE(1682716,python):2024-07-23-11:56:26.115.644 [dnnengine_manager.cc:41][EVENT]1682716 ~InvokeFuncPerfRecorder:[GEPERFTRACE] The time cost of InvokeAll [Initialize] in [libhcom_graph_adaptor.so] is [626] micro second.
[INFO] GE(1682716,python):2024-07-23-11:56:26.115.952 [dnnengine_manager.cc:41][EVENT]1682716 ~InvokeFuncPerfRecorder:[GEPERFTRACE] The time cost of InvokeAll [Initialize] in [libhost_cpu_engine.so] is [282] micro second.
[INFO] GE(1682716,python):2024-07-23-11:56:26.116.067 [dnnengine_manager.cc:41][EVENT]1682716 ~InvokeFuncPerfRecorder:[GEPERFTRACE] The time cost of InvokeAll [Initialize] in [librts_engine.so] is [93] micro second.
[INFO] GE(1682716,python):2024-07-23-11:56:26.116.124 [dnnengine_manager.cc:41][EVENT]1682716 ~InvokeFuncPerfRecorder:[GEPERFTRACE] The time cost of InvokeAll [GetOpsKernelInfoStores] in [libaicpu_ascend_engine.so] is [38] micro second.
[INFO] GE(1682716,python):2024-07-23-11:56:26.116.162 [dnnengine_manager.cc:41][EVENT]1682716 ~InvokeFuncPerfRecorder:[GEPERFTRACE] The time cost of InvokeAll [GetOpsKernelInfoStores] in [libaicpu_tf_engine.so] is [24] micro second.
[INFO] GE(1682716,python):2024-07-23-11:56:26.116.205 [dnnengine_manager.cc:41][EVENT]1682716 ~InvokeFuncPerfRecorder:[GEPERFTRACE] The time cost of InvokeAll [GetOpsKernelInfoStores] in [libdvpp_engine.so] is [31] micro second.
[INFO] GE(1682716,python):2024-07-23-11:56:26.116.289 [dnnengine_manager.cc:41][EVENT]1682716 ~InvokeFuncPerfRecorder:[GEPERFTRACE] The time cost of InvokeAll [GetOpsKernelInfoStores] in [libfe.so] is [55] micro second.
[INFO] GE(1682716,python):2024-07-23-11:56:26.116.307 [dnnengine_manager.cc:41][EVENT]1682716 ~InvokeFuncPerfRecorder:[GEPERFTRACE] The time cost of InvokeAll [GetOpsKernelInfoStores] in [libffts.so] is [3] micro second.
[INFO] GE(1682716,python):2024-07-23-11:56:26.116.332 [dnnengine_manager.cc:41][EVENT]1682716 ~InvokeFuncPerfRecorder:[GEPERFTRACE] The time cost of InvokeAll [GetOpsKernelInfoStores] in [libge_local_engine.so] is [15] micro second.
[INFO] GE(1682716,python):2024-07-23-11:56:26.116.389 [dnnengine_manager.cc:41][EVENT]1682716 ~InvokeFuncPerfRecorder:[GEPERFTRACE] The time cost of InvokeAll [GetOpsKernelInfoStores] in [libhcom_graph_adaptor.so] is [46] micro second.
[INFO] GE(1682716,python):2024-07-23-11:56:26.116.413 [dnnengine_manager.cc:41][EVENT]1682716 ~InvokeFuncPerfRecorder:[GEPERFTRACE] The time cost of InvokeAll [GetOpsKernelInfoStores] in [libhost_cpu_engine.so] is [9] micro second.
[INFO] GE(1682716,python):2024-07-23-11:56:26.116.451 [dnnengine_manager.cc:41][EVENT]1682716 ~InvokeFuncPerfRecorder:[GEPERFTRACE] The time cost of InvokeAll [GetOpsKernelInfoStores] in [librts_engine.so] is [28] micro second.
[INFO] GE(1682716,python):2024-07-23-11:56:26.116.480 [dnnengine_manager.cc:41][EVENT]1682716 ~InvokeFuncPerfRecorder:[GEPERFTRACE] The time cost of InvokeAll [GetGraphOptimizerObjs] in [libaicpu_ascend_engine.so] is [16] micro second.
[INFO] GE(1682716,python):2024-07-23-11:56:26.116.497 [dnnengine_manager.cc:41][EVENT]1682716 ~InvokeFuncPerfRecorder:[GEPERFTRACE] The time cost of InvokeAll [GetGraphOptimizerObjs] in [libaicpu_tf_engine.so] is [6] micro second.
[INFO] GE(1682716,python):2024-07-23-11:56:26.116.522 [dnnengine_manager.cc:41][EVENT]1682716 ~InvokeFuncPerfRecorder:[GEPERFTRACE] The time cost of InvokeAll [GetGraphOptimizerObjs] in [libdvpp_engine.so] is [12] micro second.
[INFO] GE(1682716,python):2024-07-23-11:56:26.116.581 [dnnengine_manager.cc:41][EVENT]1682716 ~InvokeFuncPerfRecorder:[GEPERFTRACE] The time cost of InvokeAll [GetGraphOptimizerObjs] in [libfe.so] is [49] micro second.
[INFO] GE(1682716,python):2024-07-23-11:56:26.116.611 [dnnengine_manager.cc:41][EVENT]1682716 ~InvokeFuncPerfRecorder:[GEPERFTRACE] The time cost of InvokeAll [GetGraphOptimizerObjs] in [libffts.so] is [16] micro second.
[INFO] GE(1682716,python):2024-07-23-11:56:26.116.641 [dnnengine_manager.cc:41][EVENT]1682716 ~InvokeFuncPerfRecorder:[GEPERFTRACE] The time cost of InvokeAll [GetGraphOptimizerObjs] in [libge_local_engine.so] is [17] micro second.
[INFO] GE(1682716,python):2024-07-23-11:56:26.116.697 [dnnengine_manager.cc:41][EVENT]1682716 ~InvokeFuncPerfRecorder:[GEPERFTRACE] The time cost of InvokeAll [GetGraphOptimizerObjs] in [libhcom_graph_adaptor.so] is [46] micro second.
[INFO] GE(1682716,python):2024-07-23-11:56:26.116.719 [dnnengine_manager.cc:41][EVENT]1682716 ~InvokeFuncPerfRecorder:[GEPERFTRACE] The time cost of InvokeAll [GetGraphOptimizerObjs] in [libhost_cpu_engine.so] is [11] micro second.
[INFO] GE(1682716,python):2024-07-23-11:56:26.116.746 [dnnengine_manager.cc:41][EVENT]1682716 ~InvokeFuncPerfRecorder:[GEPERFTRACE] The time cost of InvokeAll [GetGraphOptimizerObjs] in [librts_engine.so] is [14] micro second.
[INFO] GE(1682716,python):2024-07-23-11:56:26.116.767 [dnnengine_manager.cc:41][EVENT]1682716 ~InvokeFuncPerfRecorder:[GEPERFTRACE] The time cost of InvokeAll [GetCompositeEngines] in [libaicpu_ascend_engine.so] is [9] micro second.
[INFO] GE(1682716,python):2024-07-23-11:56:26.116.779 [dnnengine_manager.cc:41][EVENT]1682716 ~InvokeFuncPerfRecorder:[GEPERFTRACE] The time cost of InvokeAll [GetCompositeEngines] in [libaicpu_tf_engine.so] is [2] micro second.
[INFO] GE(1682716,python):2024-07-23-11:56:26.116.798 [dnnengine_manager.cc:41][EVENT]1682716 ~InvokeFuncPerfRecorder:[GEPERFTRACE] The time cost of InvokeAll [GetCompositeEngines] in [libdvpp_engine.so] is [2] micro second.
[INFO] GE(1682716,python):2024-07-23-11:56:26.116.810 [dnnengine_manager.cc:41][EVENT]1682716 ~InvokeFuncPerfRecorder:[GEPERFTRACE] The time cost of InvokeAll [GetCompositeEngines] in [libfe.so] is [4] micro second.
[INFO] GE(1682716,python):2024-07-23-11:56:26.116.993 [dnnengine_manager.cc:41][EVENT]1682716 ~InvokeFuncPerfRecorder:[GEPERFTRACE] The time cost of InvokeAll [GetCompositeEngines] in [libffts.so] is [171] micro second.
[INFO] GE(1682716,python):2024-07-23-11:56:26.117.014 [dnnengine_manager.cc:41][EVENT]1682716 ~InvokeFuncPerfRecorder:[GEPERFTRACE] The time cost of InvokeAll [GetCompositeEngines] in [libge_local_engine.so] is [3] micro second.
[INFO] GE(1682716,python):2024-07-23-11:56:26.117.035 [dnnengine_manager.cc:41][EVENT]1682716 ~InvokeFuncPerfRecorder:[GEPERFTRACE] The time cost of InvokeAll [GetCompositeEngines] in [libhcom_graph_adaptor.so] is [7] micro second.
[INFO] GE(1682716,python):2024-07-23-11:56:26.117.048 [dnnengine_manager.cc:41][EVENT]1682716 ~InvokeFuncPerfRecorder:[GEPERFTRACE] The time cost of InvokeAll [GetCompositeEngines] in [libhost_cpu_engine.so] is [2] micro second.
[INFO] GE(1682716,python):2024-07-23-11:56:26.117.058 [dnnengine_manager.cc:41][EVENT]1682716 ~InvokeFuncPerfRecorder:[GEPERFTRACE] The time cost of InvokeAll [GetCompositeEngines] in [librts_engine.so] is [2] micro second.
[INFO] GE(1682716,python):2024-07-23-11:56:26.117.071 [dnnengine_manager.cc:41][EVENT]1682716 ~InvokeFuncPerfRecorder:[GEPERFTRACE] The time cost of InvokeAll [GetFFTSPlusSwitch] in [libaicpu_ascend_engine.so] is [3] micro second.
[INFO] GE(1682716,python):2024-07-23-11:56:26.117.081 [dnnengine_manager.cc:41][EVENT]1682716 ~InvokeFuncPerfRecorder:[GEPERFTRACE] The time cost of InvokeAll [GetFFTSPlusSwitch] in [libaicpu_tf_engine.so] is [1] micro second.
[INFO] GE(1682716,python):2024-07-23-11:56:26.117.090 [dnnengine_manager.cc:41][EVENT]1682716 ~InvokeFuncPerfRecorder:[GEPERFTRACE] The time cost of InvokeAll [GetFFTSPlusSwitch] in [libdvpp_engine.so] is [1] micro second.
[INFO] GE(1682716,python):2024-07-23-11:56:26.117.101 [dnnengine_manager.cc:41][EVENT]1682716 ~InvokeFuncPerfRecorder:[GEPERFTRACE] The time cost of InvokeAll [GetFFTSPlusSwitch] in [libfe.so] is [2] micro second.
[INFO] GE(1682716,python):2024-07-23-11:56:26.117.166 [dnnengine_manager.cc:41][EVENT]1682716 ~InvokeFuncPerfRecorder:[GEPERFTRACE] The time cost of InvokeAll [GetFFTSPlusSwitch] in [libffts.so] is [56] micro second.
[INFO] GE(1682716,python):2024-07-23-11:56:26.117.183 [dnnengine_manager.cc:41][EVENT]1682716 ~InvokeFuncPerfRecorder:[GEPERFTRACE] The time cost of InvokeAll [GetFFTSPlusSwitch] in [libge_local_engine.so] is [2] micro second.
[INFO] GE(1682716,python):2024-07-23-11:56:26.117.195 [dnnengine_manager.cc:41][EVENT]1682716 ~InvokeFuncPerfRecorder:[GEPERFTRACE] The time cost of InvokeAll [GetFFTSPlusSwitch] in [libhcom_graph_adaptor.so] is [3] micro second.
[INFO] GE(1682716,python):2024-07-23-11:56:26.117.205 [dnnengine_manager.cc:41][EVENT]1682716 ~InvokeFuncPerfRecorder:[GEPERFTRACE] The time cost of InvokeAll [GetFFTSPlusSwitch] in [libhost_cpu_engine.so] is [2] micro second.
[INFO] GE(1682716,python):2024-07-23-11:56:26.117.214 [dnnengine_manager.cc:41][EVENT]1682716 ~InvokeFuncPerfRecorder:[GEPERFTRACE] The time cost of InvokeAll [GetFFTSPlusSwitch] in [librts_engine.so] is [1] micro second.
[INFO] GE(1682716,python):2024-07-23-11:56:26.117.228 [ops_kernel_manager.cc:153][EVENT]1682716 InitOpKernelInfoStores:[GEPERFTRACE] The time cost of InitOpKernelInfoStores::Initialize[AIcoreEngine] is [2] micro second.
[INFO] GE(1682716,python):2024-07-23-11:56:26.117.429 [ops_kernel_manager.cc:153][EVENT]1682716 InitOpKernelInfoStores:[GEPERFTRACE] The time cost of InitOpKernelInfoStores::Initialize[DNN_VM_GE_LOCAL_OP_STORE] is [185] micro second.
[INFO] GE(1682716,python):2024-07-23-11:56:26.138.691 [ops_kernel_manager.cc:153][EVENT]1682716 InitOpKernelInfoStores:[GEPERFTRACE] The time cost of InitOpKernelInfoStores::Initialize[DNN_VM_HOST_CPU_OP_STORE] is [21243] micro second.
[INFO] GE(1682716,python):2024-07-23-11:56:26.138.852 [ops_kernel_manager.cc:153][EVENT]1682716 InitOpKernelInfoStores:[GEPERFTRACE] The time cost of InitOpKernelInfoStores::Initialize[DNN_VM_RTS_FFTS_PLUS_OP_STORE] is [105] micro second.
[INFO] GE(1682716,python):2024-07-23-11:56:26.138.967 [ops_kernel_manager.cc:153][EVENT]1682716 InitOpKernelInfoStores:[GEPERFTRACE] The time cost of InitOpKernelInfoStores::Initialize[DNN_VM_RTS_OP_STORE] is [89] micro second.
[INFO] GE(1682716,python):2024-07-23-11:56:26.138.983 [ops_kernel_manager.cc:153][EVENT]1682716 InitOpKernelInfoStores:[GEPERFTRACE] The time cost of InitOpKernelInfoStores::Initialize[DSAEngine] is [1] micro second.
[INFO] GE(1682716,python):2024-07-23-11:56:26.626.600 [ops_kernel_manager.cc:153][EVENT]1682716 InitOpKernelInfoStores:[GEPERFTRACE] The time cost of InitOpKernelInfoStores::Initialize[aicpu_ascend_kernel] is [487597] micro second.
[INFO] GE(1682716,python):2024-07-23-11:56:26.824.096 [ops_kernel_manager.cc:153][EVENT]1682716 InitOpKernelInfoStores:[GEPERFTRACE] The time cost of InitOpKernelInfoStores::Initialize[aicpu_tf_kernel] is [197410] micro second.
[INFO] GE(1682716,python):2024-07-23-11:56:26.850.283 [ops_kernel_manager.cc:153][EVENT]1682716 InitOpKernelInfoStores:[GEPERFTRACE] The time cost of InitOpKernelInfoStores::Initialize[dvpp_ops_kernel] is [26090] micro second.
[INFO] GE(1682716,python):2024-07-23-11:56:26.850.351 [ops_kernel_manager.cc:153][EVENT]1682716 InitOpKernelInfoStores:[GEPERFTRACE] The time cost of InitOpKernelInfoStores::Initialize[ops_kernel_info_hccl] is [3] micro second.
[INFO] GE(1682716,python):2024-07-23-11:56:26.850.484 [graph_builder.cc:102][EVENT]1682716 ~FuncPerfScope:[GEPERFTRACE] The time cost of OpsKernelManager::InitOpKernelInfoStores is [733251] micro second.
[INFO] GE(1682716,python):2024-07-23-11:56:26.855.027 [ops_kernel_manager.cc:174][EVENT]1682716 InitOpsKernelInfo:[GEPERFTRACE] The time cost of InitOpsKernelInfo::GetAllOpsKernelInfo[AIcoreEngine] is [4453] micro second.
[INFO] GE(1682716,python):2024-07-23-11:56:26.856.987 [ops_kernel_manager.cc:174][EVENT]1682716 InitOpsKernelInfo:[GEPERFTRACE] The time cost of InitOpsKernelInfo::GetAllOpsKernelInfo[DNN_VM_GE_LOCAL_OP_STORE] is [64] micro second.
[INFO] GE(1682716,python):2024-07-23-11:56:26.857.252 [ops_kernel_manager.cc:174][EVENT]1682716 InitOpsKernelInfo:[GEPERFTRACE] The time cost of InitOpsKernelInfo::GetAllOpsKernelInfo[DNN_VM_HOST_CPU_OP_STORE] is [103] micro second.
[INFO] GE(1682716,python):2024-07-23-11:56:26.857.449 [ops_kernel_manager.cc:174][EVENT]1682716 InitOpsKernelInfo:[GEPERFTRACE] The time cost of InitOpsKernelInfo::GetAllOpsKernelInfo[DNN_VM_RTS_FFTS_PLUS_OP_STORE] is [32] micro second.
[INFO] GE(1682716,python):2024-07-23-11:56:26.857.524 [ops_kernel_manager.cc:174][EVENT]1682716 InitOpsKernelInfo:[GEPERFTRACE] The time cost of InitOpsKernelInfo::GetAllOpsKernelInfo[DNN_VM_RTS_OP_STORE] is [33] micro second.
[INFO] GE(1682716,python):2024-07-23-11:56:26.857.641 [ops_kernel_manager.cc:174][EVENT]1682716 InitOpsKernelInfo:[GEPERFTRACE] The time cost of InitOpsKernelInfo::GetAllOpsKernelInfo[DSAEngine] is [53] micro second.
[INFO] GE(1682716,python):2024-07-23-11:56:26.858.511 [ops_kernel_manager.cc:174][EVENT]1682716 InitOpsKernelInfo:[GEPERFTRACE] The time cost of InitOpsKernelInfo::GetAllOpsKernelInfo[aicpu_ascend_kernel] is [840] micro second.
[INFO] GE(1682716,python):2024-07-23-11:56:26.860.945 [ops_kernel_manager.cc:174][EVENT]1682716 InitOpsKernelInfo:[GEPERFTRACE] The time cost of InitOpsKernelInfo::GetAllOpsKernelInfo[aicpu_tf_kernel] is [1285] micro second.
[INFO] GE(1682716,python):2024-07-23-11:56:26.862.146 [ops_kernel_manager.cc:174][EVENT]1682716 InitOpsKernelInfo:[GEPERFTRACE] The time cost of InitOpsKernelInfo::GetAllOpsKernelInfo[dvpp_ops_kernel] is [75] micro second.
[INFO] GE(1682716,python):2024-07-23-11:56:26.862.335 [ops_kernel_manager.cc:174][EVENT]1682716 InitOpsKernelInfo:[GEPERFTRACE] The time cost of InitOpsKernelInfo::GetAllOpsKernelInfo[ops_kernel_info_hccl] is [114] micro second.
[INFO] GE(1682716,python):2024-07-23-11:56:26.863.275 [graph_builder.cc:102][EVENT]1682716 ~FuncPerfScope:[GEPERFTRACE] The time cost of OpsKernelManager::InitOpsKernelInfo is [12705] micro second.
[INFO] GE(1682716,python):2024-07-23-11:56:27.079.392 [ops_kernel_manager.cc:245][EVENT]1682716 InitGraphOptimizers:[GEPERFTRACE] The time cost of InitGraphOptimizers::Initialize[AIcoreEngine] is [216084] micro second.
[INFO] GE(1682716,python):2024-07-23-11:56:27.080.648 [ops_kernel_manager.cc:245][EVENT]1682716 InitGraphOptimizers:[GEPERFTRACE] The time cost of InitGraphOptimizers::Initialize[DNN_VM_HOST_CPU_OPTIMIZER] is [1165] micro second.
[INFO] GE(1682716,python):2024-07-23-11:56:27.080.694 [ops_kernel_manager.cc:245][EVENT]1682716 InitGraphOptimizers:[GEPERFTRACE] The time cost of InitGraphOptimizers::Initialize[DNN_VM_RTS_FFTS_PLUS_GRAPH_OPTIMIZER_STORE] is [0] micro second.
[INFO] GE(1682716,python):2024-07-23-11:56:27.080.712 [ops_kernel_manager.cc:245][EVENT]1682716 InitGraphOptimizers:[GEPERFTRACE] The time cost of InitGraphOptimizers::Initialize[DNN_VM_RTS_GRAPH_OPTIMIZER_STORE] is [0] micro second.
[INFO] GE(1682716,python):2024-07-23-11:56:27.080.726 [ops_kernel_manager.cc:245][EVENT]1682716 InitGraphOptimizers:[GEPERFTRACE] The time cost of InitGraphOptimizers::Initialize[DSAEngine] is [1] micro second.
[INFO] GE(1682716,python):2024-07-23-11:56:27.084.947 [ops_kernel_manager.cc:245][EVENT]1682716 InitGraphOptimizers:[GEPERFTRACE] The time cost of InitGraphOptimizers::Initialize[aicpu_ascend_optimizer] is [4208] micro second.
[INFO] GE(1682716,python):2024-07-23-11:56:27.089.445 [ops_kernel_manager.cc:245][EVENT]1682716 InitGraphOptimizers:[GEPERFTRACE] The time cost of InitGraphOptimizers::Initialize[aicpu_tf_optimizer] is [4448] micro second.
[INFO] GE(1682716,python):2024-07-23-11:56:27.089.529 [ops_kernel_manager.cc:245][EVENT]1682716 InitGraphOptimizers:[GEPERFTRACE] The time cost of InitGraphOptimizers::Initialize[dvpp_graph_optimizer] is [20] micro second.
[INFO] GE(1682716,python):2024-07-23-11:56:27.089.672 [ops_kernel_manager.cc:245][EVENT]1682716 InitGraphOptimizers:[GEPERFTRACE] The time cost of InitGraphOptimizers::Initialize[ffts_plus] is [125] micro second.
[INFO] GE(1682716,python):2024-07-23-11:56:27.089.692 [ops_kernel_manager.cc:245][EVENT]1682716 InitGraphOptimizers:[GEPERFTRACE] The time cost of InitGraphOptimizers::Initialize[ge_local_graph_optimizer] is [1] micro second.
[INFO] GE(1682716,python):2024-07-23-11:56:27.089.723 [ops_kernel_manager.cc:245][EVENT]1682716 InitGraphOptimizers:[GEPERFTRACE] The time cost of InitGraphOptimizers::Initialize[hccl_alltoallvc_fusion_optimizer] is [0] micro second.
[INFO] GE(1682716,python):2024-07-23-11:56:27.089.788 [ops_kernel_manager.cc:245][EVENT]1682716 InitGraphOptimizers:[GEPERFTRACE] The time cost of InitGraphOptimizers::Initialize[hccl_graph_optimizer] is [20] micro second.
[INFO] GE(1682716,python):2024-07-23-11:56:27.089.801 [graph_builder.cc:102][EVENT]1682716 ~FuncPerfScope:[GEPERFTRACE] The time cost of OpsKernelManager::InitGraphOptimizers is [226503] micro second.
[INFO] GE(1682716,python):2024-07-23-11:56:27.089.813 [ops_kernel_manager.cc:365][EVENT]1682716 ClassifyGraphOptimizers:[GEPERFTRACE] The time cost of ClassifyGraphOptimizers::GetAttributes[AIcoreEngine] is [1] micro second.
[INFO] GE(1682716,python):2024-07-23-11:56:27.089.826 [ops_kernel_manager.cc:365][EVENT]1682716 ClassifyGraphOptimizers:[GEPERFTRACE] The time cost of ClassifyGraphOptimizers::GetAttributes[DNN_VM_HOST_CPU_OPTIMIZER] is [1] micro second.
[INFO] GE(1682716,python):2024-07-23-11:56:27.089.838 [ops_kernel_manager.cc:365][EVENT]1682716 ClassifyGraphOptimizers:[GEPERFTRACE] The time cost of ClassifyGraphOptimizers::GetAttributes[DNN_VM_RTS_FFTS_PLUS_GRAPH_OPTIMIZER_STORE] is [2] micro second.
[INFO] GE(1682716,python):2024-07-23-11:56:27.089.853 [ops_kernel_manager.cc:365][EVENT]1682716 ClassifyGraphOptimizers:[GEPERFTRACE] The time cost of ClassifyGraphOptimizers::GetAttributes[DNN_VM_RTS_GRAPH_OPTIMIZER_STORE] is [1] micro second.
[INFO] GE(1682716,python):2024-07-23-11:56:27.089.887 [ops_kernel_manager.cc:365][EVENT]1682716 ClassifyGraphOptimizers:[GEPERFTRACE] The time cost of ClassifyGraphOptimizers::GetAttributes[DSAEngine] is [1] micro second.
[INFO] GE(1682716,python):2024-07-23-11:56:27.089.898 [ops_kernel_manager.cc:365][EVENT]1682716 ClassifyGraphOptimizers:[GEPERFTRACE] The time cost of ClassifyGraphOptimizers::GetAttributes[aicpu_ascend_optimizer] is [0] micro second.
[INFO] GE(1682716,python):2024-07-23-11:56:27.089.910 [ops_kernel_manager.cc:365][EVENT]1682716 ClassifyGraphOptimizers:[GEPERFTRACE] The time cost of ClassifyGraphOptimizers::GetAttributes[aicpu_tf_optimizer] is [0] micro second.
[INFO] GE(1682716,python):2024-07-23-11:56:27.089.920 [ops_kernel_manager.cc:365][EVENT]1682716 ClassifyGraphOptimizers:[GEPERFTRACE] The time cost of ClassifyGraphOptimizers::GetAttributes[dvpp_graph_optimizer] is [1] micro second.
[INFO] GE(1682716,python):2024-07-23-11:56:27.089.930 [ops_kernel_manager.cc:365][EVENT]1682716 ClassifyGraphOptimizers:[GEPERFTRACE] The time cost of ClassifyGraphOptimizers::GetAttributes[ffts_plus] is [0] micro second.
[INFO] GE(1682716,python):2024-07-23-11:56:27.089.941 [ops_kernel_manager.cc:365][EVENT]1682716 ClassifyGraphOptimizers:[GEPERFTRACE] The time cost of ClassifyGraphOptimizers::GetAttributes[ge_local_graph_optimizer] is [1] micro second.
[INFO] GE(1682716,python):2024-07-23-11:56:27.089.956 [ops_kernel_manager.cc:365][EVENT]1682716 ClassifyGraphOptimizers:[GEPERFTRACE] The time cost of ClassifyGraphOptimizers::GetAttributes[hccl_alltoallvc_fusion_optimizer] is [0] micro second.
[INFO] GE(1682716,python):2024-07-23-11:56:27.089.966 [ops_kernel_manager.cc:365][EVENT]1682716 ClassifyGraphOptimizers:[GEPERFTRACE] The time cost of ClassifyGraphOptimizers::GetAttributes[hccl_graph_optimizer] is [0] micro second.
[INFO] GE(1682716,python):2024-07-23-11:56:27.089.976 [graph_builder.cc:102][EVENT]1682716 ~FuncPerfScope:[GEPERFTRACE] The time cost of OpsKernelManager::ClassifyGraphOptimizers is [165] micro second.
[INFO] GE(1682716,python):2024-07-23-11:56:27.090.755 [proto_util.cc:102][EVENT]1682716 ~FuncPerfScope:[GEPERFTRACE] The time cost of ReadProtoFromText::/mnt/disk4/mikecheung/Ascend_0714/CANN-7.3/aarch64-linux/lib64/plugin/opskernel/optimizer_priority.pbtxt is [555] micro second.
[INFO] GE(1682716,python):2024-07-23-11:56:27.090.817 [graph_builder.cc:102][EVENT]1682716 ~FuncPerfScope:[GEPERFTRACE] The time cost of OpsKernelManager::InitGraphOptimizerPriority is [831] micro second.
[INFO] GE(1682716,python):2024-07-23-11:56:27.090.879 [gelib.cc:231][EVENT]1682716 InnerInitialize:[GEPERFTRACE] The time cost of InnerInitialize::OpsManagerInitialize is [3020702] micro second.
[INFO] GE(1682716,python):2024-07-23-11:56:27.093.673 [plugin_manager.cc:629][EVENT]1682716 LoadSoWithFlags:[GEPERFTRACE] The time cost of PluginManager::Dlopen[/mnt/disk4/mikecheung/Ascend_0714/CANN-7.3/aarch64-linux/lib64/plugin/opskernel/libge_local_opskernel_builder.so] is [2704] micro second.
[INFO] GE(1682716,python):2024-07-23-11:56:27.096.557 [plugin_manager.cc:629][EVENT]1682716 LoadSoWithFlags:[GEPERFTRACE] The time cost of PluginManager::Dlopen[/mnt/disk4/mikecheung/Ascend_0714/CANN-7.3/aarch64-linux/lib64/plugin/opskernel/libhost_cpu_opskernel_builder.so] is [2809] micro second.
[INFO] GE(1682716,python):2024-07-23-11:56:27.096.704 [plugin_manager.cc:629][EVENT]1682716 LoadSoWithFlags:[GEPERFTRACE] The time cost of PluginManager::Dlopen[/mnt/disk4/mikecheung/Ascend_0714/CANN-7.3/aarch64-linux/lib64/plugin/opskernel/librts_engine.so] is [59] micro second.
[INFO] GE(1682716,python):2024-07-23-11:56:27.096.770 [plugin_manager.cc:629][EVENT]1682716 LoadSoWithFlags:[GEPERFTRACE] The time cost of PluginManager::Dlopen[/mnt/disk4/mikecheung/Ascend_0714/CANN-7.3/aarch64-linux/lib64/plugin/opskernel/libaicpu_ascend_engine.so] is [18] micro second.
[INFO] GE(1682716,python):2024-07-23-11:56:27.096.818 [plugin_manager.cc:629][EVENT]1682716 LoadSoWithFlags:[GEPERFTRACE] The time cost of PluginManager::Dlopen[/mnt/disk4/mikecheung/Ascend_0714/CANN-7.3/aarch64-linux/lib64/plugin/opskernel/libaicpu_tf_engine.so] is [12] micro second.
[INFO] GE(1682716,python):2024-07-23-11:56:27.096.894 [plugin_manager.cc:629][EVENT]1682716 LoadSoWithFlags:[GEPERFTRACE] The time cost of PluginManager::Dlopen[/mnt/disk4/mikecheung/Ascend_0714/CANN-7.3/aarch64-linux/lib64/plugin/opskernel/libdvpp_engine.so] is [24] micro second.
[INFO] GE(1682716,python):2024-07-23-11:56:27.097.312 [plugin_manager.cc:629][EVENT]1682716 LoadSoWithFlags:[GEPERFTRACE] The time cost of PluginManager::Dlopen[/mnt/disk4/mikecheung/Ascend_0714/CANN-7.3/aarch64-linux/lib64/plugin/opskernel/libhcom_opskernel_builder.so] is [380] micro second.
[INFO] GE(1682716,python):2024-07-23-11:56:27.101.593 [plugin_manager.cc:629][EVENT]1682716 LoadSoWithFlags:[GEPERFTRACE] The time cost of PluginManager::Dlopen[/mnt/disk4/mikecheung/Ascend_0714/CANN-7.3/aarch64-linux/lib64/plugin/opskernel/libhvd_opskernel_builder.so] is [4229] micro second.
[INFO] GE(1682716,python):2024-07-23-11:56:27.104.923 [plugin_manager.cc:629][EVENT]1682716 LoadSoWithFlags:[GEPERFTRACE] The time cost of PluginManager::Dlopen[/mnt/disk4/mikecheung/Ascend_0714/CANN-7.3/aarch64-linux/lib64/plugin/opskernel/libhcom_gradtune_opskernel_builder.so] is [3255] micro second.
[INFO] GE(1682716,python):2024-07-23-11:56:27.106.364 [gelib.cc:243][EVENT]1682716 InnerInitialize:[GEPERFTRACE] The time cost of InnerInitialize::OpsKernelBuilderManager is [15465] micro second.
[INFO] GE(1682716,python):2024-07-23-11:56:27.122.983 [gelib.cc:254][EVENT]1682716 InnerInitialize:[GEPERFTRACE] The time cost of InnerInitialize::HostCpuEngineInitialize is [16577] micro second.
[INFO] GE(1682716,python):2024-07-23-11:56:27.123.095 [gelib.cc:265][EVENT]1682716 InnerInitialize:[GEPERFTRACE] The time cost of InnerInitialize::AnalyzerInitialize is [42] micro second.
[INFO] GE(1682716,python):2024-07-23-11:56:27.123.115 [gelib.cc:168][EVENT]1682716 Initialize:[GEPERFTRACE] The time cost of GELib::Initialize is [3160372] micro second.
[INFO] GE(1682716,python):2024-07-23-11:56:27.123.138 [ge_api.cc:249][EVENT]1682716 GEInitializeImpl:[GEPERFTRACE] The time cost of GEInitialize::GELibInitialize is [3160463] micro second.
[INFO] GE(1682716,python):2024-07-23-11:56:27.123.163 [ge_api.cc:265][EVENT]1682716 GEInitializeImpl:[GEPERFTRACE] The time cost of InnerInitialize::SessionManagerInitialize is [10] micro second.
[INFO] GE(1682716,python):2024-07-23-11:56:27.124.795 [op_tiling_manager.cc:102][EVENT]1682716 ~FuncPerfScope:[GEPERFTRACE] The time cost of OpTilingManager::LoadSo is [1606] micro second.
[INFO] GE(1682716,python):2024-07-23-11:56:27.319.914 [ge_api.cc:282][EVENT]1682716 GEInitializeImpl:[GEPERFTRACE] The time cost of GeExecutor::Initialize is [196737] micro second.
[INFO] GE(1682716,python):2024-07-23-11:56:27.320.018 [ge_api.cc:285][EVENT]1682716 GEInitializeImpl:[GEPERFTRACE] The time cost of InitializeExecutionRuntime is [16] micro second.
[INFO] GE(1682716,python):2024-07-23-11:56:27.320.032 [ge_api.cc:291][status:STOP]1682716 GEInitializeImpl:GEInitialize finished
[INFO] GE(1682716,python):2024-07-23-11:56:27.320.042 [ge_api.cc:292][EVENT]1682716 GEInitializeImpl:[GEPERFTRACE] The time cost of GEInitialize::All is [3802072] micro second.
[INFO] GE(1682716,python):2024-07-23-11:56:27.320.142 [ge_api.cc:447][status:INIT]1682716 Session:Start to construct session.
[INFO] GE(1682716,python):2024-07-23-11:56:27.320.800 [graph_var_manager.cc:1585][EVENT]1682716 SetMemoryMallocSize:Total memory size is 65464696832
[INFO] GE(1682716,python):2024-07-23-11:56:27.320.831 [graph_var_manager.cc:1564][EVENT]1682716 SetAllMemoryMaxValue:The graph_mem_max_size is 53190066176 and the var_mem_max_size is 10228858880
[INFO] GE(1682716,python):2024-07-23-11:56:27.322.728 [ge_api.cc:469][status:STOP]1682716 Session:Session construct finished, session id is 0
[INFO] PROFILING(1682716,python):2024-07-23-11:56:27.335.361 [platform.cpp:48] >>> (tid:1682716) Profiling platform version: 1.0.
[INFO] GE(1682716,python):2024-07-23-11:56:27.335.593 [ge_api.cc:172][status:INIT]1682716 GEInitializeImpl:GEInitialize start
[INFO] GE(1682716,python):2024-07-23-11:56:27.453.137 [scalable_config.cc:72][EVENT]1687011 ScalableConfig:device total max size: 65464696832, page_mem_size_total_threshold: 62191461990, uncacheable_size_threshold: 34359738368
[INFO] GE(1682716,python):2024-07-23-11:56:27.632.794 [graph_var_manager.cc:1564][EVENT]1687011 SetAllMemoryMaxValue:The graph_mem_max_size is 27917287424 and the var_mem_max_size is 5368709120
[INFO] GE(1682716,python):2024-07-23-11:56:27.632.937 [graph_manager.cc:1255][EVENT]1687011 PreRun:PreRun start: graph node size 5, session id 1, graph id 0, graph name online.
[INFO] ATRACE(1682716,python):2024-07-23-11:56:27.633.053 [atrace_client_core.c:143](tid:1687011) devId[64] is for host aicpu, no need to create a thread.
[INFO] ATRACE(1682716,python):2024-07-23-11:56:27.634.261 [tracer_mgr_operate.c:66](tid:1687011) create object RUNTIME_ATRACE_DEV64_TS0 success, exitSave(false).
[INFO] GE(1682716,python):2024-07-23-11:56:27.635.402 [parallel_partitioner.cc:147][EVENT]1687011 DoPipelinePartition:[GEPERFTRACE] The time cost of OptimizeSubgraph::PipelinePartition is [23] micro second.
[INFO] GE(1682716,python):2024-07-23-11:56:27.635.471 [parallel_partitioner.cc:160][EVENT]1687011 DoFlowGraphPartition:[GEPERFTRACE] The time cost of OptimizeSubgraph::FlowGraphPartition is [20] micro second.
[INFO] GE(1682716,python):2024-07-23-11:56:27.636.420 [graph_prepare.cc:1368][EVENT]1687011 Init:[GEPERFTRACE] The time cost of FileConstantUtils::ConvertFileConstToConst is [893] micro second.
[INFO] GE(1682716,python):2024-07-23-11:56:27.637.353 [graph_manager.cc:1059][EVENT]1687011 PreRunOptimizeOriginalGraph:[GEPERFTRACE] The time cost of GraphManager::stages.preparer.PrepareInit is [1847] micro second.
[INFO] GE(1682716,python):2024-07-23-11:56:27.637.416 [graph_manager.cc:1061][EVENT]1687011 PreRunOptimizeOriginalGraph:[GEPERFTRACE] The time cost of GraphManager::stages.optimizer.HandleSummaryOp is [14] micro second.
[INFO] GE(1682716,python):2024-07-23-11:56:27.637.703 [base_pass.cc:332][EVENT]1687011 Run:[GEPERFTRACE] The time cost of ForToWhilePass is [2] micro second, call num is [5]
[INFO] GE(1682716,python):2024-07-23-11:56:27.637.746 [pass_manager.cc:75][EVENT]1687011 Run:[GEPERFTRACE] The time cost of ProcessNetOutput::SavePass is [5] micro second.
[INFO] GE(1682716,python):2024-07-23-11:56:27.637.831 [pass_manager.cc:75][EVENT]1687011 Run:[GEPERFTRACE] The time cost of ProcessNetOutput::NetOutputPass is [71] micro second.
[INFO] GE(1682716,python):2024-07-23-11:56:27.637.850 [pass_manager.cc:75][EVENT]1687011 Run:[GEPERFTRACE] The time cost of ProcessNetOutput::DataPass is [1] micro second.
[INFO] GE(1682716,python):2024-07-23-11:56:27.637.984 [pass_manager.cc:75][EVENT]1687011 Run:[GEPERFTRACE] The time cost of CreateSubGraphWithScopePass is [22] micro second.
[INFO] GE(1682716,python):2024-07-23-11:56:27.638.003 [pass_manager.cc:75][EVENT]1687011 Run:[GEPERFTRACE] The time cost of SubgraphMultiDimsClonePass is [1] micro second.
[INFO] GE(1682716,python):2024-07-23-11:56:27.638.030 [pass_manager.cc:75][EVENT]1687011 Run:[GEPERFTRACE] The time cost of MultiBatchClonePass is [18] micro second.
[INFO] GE(1682716,python):2024-07-23-11:56:27.638.156 [base_pass.cc:332][EVENT]1687011 Run:[GEPERFTRACE] The time cost of SplitVariableIntoSubgraphPass is [4] micro second, call num is [5]
[INFO] GE(1682716,python):2024-07-23-11:56:27.638.184 [graph_manager.cc:1063][EVENT]1687011 PreRunOptimizeOriginalGraph:[GEPERFTRACE] The time cost of GraphManager::stages.preparer.NormalizeGraph is [754] micro second.
[INFO] GE(1682716,python):2024-07-23-11:56:27.650.510 [graph_manager.cc:1064][EVENT]1687011 PreRunOptimizeOriginalGraph:[GEPERFTRACE] The time cost of GraphManager::stages.optimizer.OptimizeGraphInit is [12308] micro second.
[INFO] GE(1682716,python):2024-07-23-11:56:27.652.743 [base_pass.cc:332][EVENT]1687011 Run:[GEPERFTRACE] The time cost of AssertPass is [2] micro second, call num is [5]
[INFO] GE(1682716,python):2024-07-23-11:56:27.652.817 [base_pass.cc:332][EVENT]1687011 Run:[GEPERFTRACE] The time cost of SwitchDeadBranchElimination is [3] micro second, call num is [5]
[INFO] GE(1682716,python):2024-07-23-11:56:27.652.832 [base_pass.cc:332][EVENT]1687011 Run:[GEPERFTRACE] The time cost of MergePass is [4] micro second, call num is [5]
[INFO] GE(1682716,python):2024-07-23-11:56:27.652.841 [base_pass.cc:332][EVENT]1687011 Run:[GEPERFTRACE] The time cost of InferShapePass is [593] micro second, call num is [5]
[INFO] GE(1682716,python):2024-07-23-11:56:27.652.850 [base_pass.cc:332][EVENT]1687011 Run:[GEPERFTRACE] The time cost of ReplaceWithEmptyConstPass is [25] micro second, call num is [5]
[INFO] GE(1682716,python):2024-07-23-11:56:27.652.858 [base_pass.cc:332][EVENT]1687011 Run:[GEPERFTRACE] The time cost of SplitShapeNPass is [3] micro second, call num is [5]
[INFO] GE(1682716,python):2024-07-23-11:56:27.652.865 [base_pass.cc:332][EVENT]1687011 Run:[GEPERFTRACE] The time cost of DimensionComputePass is [26] micro second, call num is [5]
[INFO] GE(1682716,python):2024-07-23-11:56:27.652.872 [base_pass.cc:332][EVENT]1687011 Run:[GEPERFTRACE] The time cost of ConstantClipPass is [3] micro second, call num is [5]
[INFO] GE(1682716,python):2024-07-23-11:56:27.652.879 [base_pass.cc:332][EVENT]1687011 Run:[GEPERFTRACE] The time cost of ConstantFoldingPass is [25] micro second, call num is [5]
[INFO] GE(1682716,python):2024-07-23-11:56:27.652.886 [base_pass.cc:332][EVENT]1687011 Run:[GEPERFTRACE] The time cost of InferValuePass is [12] micro second, call num is [5]
[INFO] GE(1682716,python):2024-07-23-11:56:31.014.198 [graph_manager.cc:1065][EVENT]1687011 PreRunOptimizeOriginalGraph:[GEPERFTRACE] The time cost of GraphManager::stages.optimizer.OptimizeOriginalGraphForQuantize is [3363594] micro second.
[INFO] GE(1682716,python):2024-07-23-11:56:31.014.382 [base_pass.cc:332][EVENT]1687011 Run:[GEPERFTRACE] The time cost of CondRemovePass is [6] micro second, call num is [5]
[INFO] GE(1682716,python):2024-07-23-11:56:31.014.406 [graph_prepare.cc:2001][EVENT]1687011 PrepareDynShape:[GEPERFTRACE] The time cost of Prepare::ProcessBeforeInfershape is [104] micro second.
[INFO] GE(1682716,python):2024-07-23-11:56:31.015.294 [base_pass.cc:332][EVENT]1687011 Run:[GEPERFTRACE] The time cost of AssertPass is [2] micro second, call num is [5]
[INFO] GE(1682716,python):2024-07-23-11:56:31.015.327 [base_pass.cc:332][EVENT]1687011 Run:[GEPERFTRACE] The time cost of SwitchDeadBranchElimination is [7] micro second, call num is [5]
[INFO] GE(1682716,python):2024-07-23-11:56:31.015.339 [base_pass.cc:332][EVENT]1687011 Run:[GEPERFTRACE] The time cost of MergePass is [4] micro second, call num is [5]
[INFO] GE(1682716,python):2024-07-23-11:56:31.015.349 [base_pass.cc:332][EVENT]1687011 Run:[GEPERFTRACE] The time cost of InferShapePass is [459] micro second, call num is [5]
[INFO] GE(1682716,python):2024-07-23-11:56:31.015.358 [base_pass.cc:332][EVENT]1687011 Run:[GEPERFTRACE] The time cost of ReplaceWithEmptyConstPass is [20] micro second, call num is [5]
[INFO] GE(1682716,python):2024-07-23-11:56:31.015.366 [base_pass.cc:332][EVENT]1687011 Run:[GEPERFTRACE] The time cost of SplitShapeNPass is [2] micro second, call num is [5]
[INFO] GE(1682716,python):2024-07-23-11:56:31.015.374 [base_pass.cc:332][EVENT]1687011 Run:[GEPERFTRACE] The time cost of DimensionComputePass is [17] micro second, call num is [5]
[INFO] GE(1682716,python):2024-07-23-11:56:31.015.382 [base_pass.cc:332][EVENT]1687011 Run:[GEPERFTRACE] The time cost of ConstantClipPass is [1] micro second, call num is [5]
[INFO] GE(1682716,python):2024-07-23-11:56:31.015.389 [base_pass.cc:332][EVENT]1687011 Run:[GEPERFTRACE] The time cost of ConstantFoldingPass is [22] micro second, call num is [5]
[INFO] GE(1682716,python):2024-07-23-11:56:31.015.396 [base_pass.cc:332][EVENT]1687011 Run:[GEPERFTRACE] The time cost of InferValuePass is [5] micro second, call num is [5]
[INFO] GE(1682716,python):2024-07-23-11:56:31.015.430 [graph_prepare.cc:2002][EVENT]1687011 PrepareDynShape:[GEPERFTRACE] The time cost of Prepare::FormatAndShapeProcess is [1009] micro second.
[INFO] GE(1682716,python):2024-07-23-11:56:31.015.484 [pass_manager.cc:75][EVENT]1687011 Run:[GEPERFTRACE] The time cost of PreRun::MarkForceUnknownForCondPass is [6] micro second.
[INFO] GE(1682716,python):2024-07-23-11:56:31.015.496 [graph_prepare.cc:2003][EVENT]1687011 PrepareDynShape:[GEPERFTRACE] The time cost of Prepare::CtrlFlowPreProcess is [25] micro second.
[INFO] GE(1682716,python):2024-07-23-11:56:31.015.510 [graph_prepare.cc:2004][EVENT]1687011 PrepareDynShape:[GEPERFTRACE] The time cost of Prepare::multibatch::GetDynamicOutputShape is [4] micro second.
[INFO] GE(1682716,python):2024-07-23-11:56:31.015.539 [graph_prepare.cc:2005][EVENT]1687011 PrepareDynShape:[GEPERFTRACE] The time cost of Prepare::InsertAippOpUtil::Instance().UpdateDataNodeByAipp is [19] micro second.
[INFO] GE(1682716,python):2024-07-23-11:56:31.015.550 [graph_prepare.cc:2006][EVENT]1687011 PrepareDynShape:[GEPERFTRACE] The time cost of Prepare::SaveOriginalGraphToOmModel is [1] micro second.
[INFO] GE(1682716,python):2024-07-23-11:56:31.015.568 [pass_manager.cc:75][EVENT]1687011 Run:[GEPERFTRACE] The time cost of PrepareOptimize::ShapeOperateOpRemovePass is [3] micro second.
[INFO] GE(1682716,python):2024-07-23-11:56:31.015.579 [pass_manager.cc:75][EVENT]1687011 Run:[GEPERFTRACE] The time cost of PrepareOptimize::ReplaceTransShapePass is [2] micro second.
[INFO] GE(1682716,python):2024-07-23-11:56:31.015.593 [pass_manager.cc:75][EVENT]1687011 Run:[GEPERFTRACE] The time cost of PrepareOptimize::MarkAgnosticPass is [5] micro second.
[INFO] GE(1682716,python):2024-07-23-11:56:31.015.715 [base_pass.cc:332][EVENT]1687011 Run:[GEPERFTRACE] The time cost of EnterPass is [2] micro second, call num is [5]
[INFO] GE(1682716,python):2024-07-23-11:56:31.015.726 [base_pass.cc:332][EVENT]1687011 Run:[GEPERFTRACE] The time cost of CondPass is [3] micro second, call num is [5]
[INFO] GE(1682716,python):2024-07-23-11:56:31.015.734 [base_pass.cc:332][EVENT]1687011 Run:[GEPERFTRACE] The time cost of PrintOpPass is [2] micro second, call num is [5]
[INFO] GE(1682716,python):2024-07-23-11:56:31.015.741 [base_pass.cc:332][EVENT]1687011 Run:[GEPERFTRACE] The time cost of NoUseReshapeRemovePass is [3] micro second, call num is [5]
[INFO] GE(1682716,python):2024-07-23-11:56:31.015.749 [base_pass.cc:332][EVENT]1687011 Run:[GEPERFTRACE] The time cost of DropOutPass is [2] micro second, call num is [5]
[INFO] GE(1682716,python):2024-07-23-11:56:31.015.756 [base_pass.cc:332][EVENT]1687011 Run:[GEPERFTRACE] The time cost of AssertPass is [2] micro second, call num is [5]
[INFO] GE(1682716,python):2024-07-23-11:56:31.015.765 [base_pass.cc:332][EVENT]1687011 Run:[GEPERFTRACE] The time cost of TransposeRemovePass is [3] micro second, call num is [5]
[INFO] GE(1682716,python):2024-07-23-11:56:31.015.772 [base_pass.cc:332][EVENT]1687011 Run:[GEPERFTRACE] The time cost of UnusedConstPass is [2] micro second, call num is [5]
[INFO] GE(1682716,python):2024-07-23-11:56:31.015.779 [base_pass.cc:332][EVENT]1687011 Run:[GEPERFTRACE] The time cost of StopGradientPass is [2] micro second, call num is [5]
[INFO] GE(1682716,python):2024-07-23-11:56:31.015.786 [base_pass.cc:332][EVENT]1687011 Run:[GEPERFTRACE] The time cost of PreventGradientPass is [2] micro second, call num is [5]
[INFO] GE(1682716,python):2024-07-23-11:56:31.015.793 [base_pass.cc:332][EVENT]1687011 Run:[GEPERFTRACE] The time cost of PlaceholderWithDefaultPass is [2] micro second, call num is [5]
[INFO] GE(1682716,python):2024-07-23-11:56:31.015.799 [base_pass.cc:332][EVENT]1687011 Run:[GEPERFTRACE] The time cost of SnapshotPass is [3] micro second, call num is [5]
[INFO] GE(1682716,python):2024-07-23-11:56:31.015.806 [base_pass.cc:332][EVENT]1687011 Run:[GEPERFTRACE] The time cost of GuaranteeConstPass is [4] micro second, call num is [5]
[INFO] GE(1682716,python):2024-07-23-11:56:31.015.813 [base_pass.cc:332][EVENT]1687011 Run:[GEPERFTRACE] The time cost of VarIsInitializedOpPass is [8] micro second, call num is [5]
[INFO] GE(1682716,python):2024-07-23-11:56:31.015.827 [base_pass.cc:332][EVENT]1687011 Run:[GEPERFTRACE] The time cost of ParallelConcatStartOpPass is [1] micro second, call num is [5]
[INFO] GE(1682716,python):2024-07-23-11:56:31.015.835 [base_pass.cc:332][EVENT]1687011 Run:[GEPERFTRACE] The time cost of IdentityPass is [3] micro second, call num is [5]
[INFO] GE(1682716,python):2024-07-23-11:56:31.015.859 [pass_manager.cc:75][EVENT]1687011 Run:[GEPERFTRACE] The time cost of PrepareOptimize::PrunePass is [12] micro second.
[INFO] GE(1682716,python):2024-07-23-11:56:31.015.872 [pass_manager.cc:75][EVENT]1687011 Run:[GEPERFTRACE] The time cost of PrepareOptimize::HcclMemcpyPass is [3] micro second.
[INFO] GE(1682716,python):2024-07-23-11:56:31.015.926 [graph_prepare.cc:2007][EVENT]1687011 PrepareDynShape:[GEPERFTRACE] The time cost of Prepare::PrepareOptimize is [365] micro second.
[INFO] GE(1682716,python):2024-07-23-11:56:31.015.939 [graph_manager.cc:1074][EVENT]1687011 PreRunOptimizeOriginalGraph:[GEPERFTRACE] The time cost of GraphManager::stages.preparer.PrepareDynShape is [1637] micro second.
[INFO] GE(1682716,python):2024-07-23-11:56:31.041.250 [graph_manager.cc:1086][EVENT]1687011 PreRunOptimizeOriginalGraph:[GEPERFTRACE] The time cost of GraphManager::stages.optimizer.OptimizeOriginalGraph is [25281] micro second.
[INFO] GE(1682716,python):2024-07-23-11:56:31.041.431 [pass_manager.cc:75][EVENT]1687011 Run:[GEPERFTRACE] The time cost of PrepareRunningFormatRefiner::VariablePrepareOpPass is [13] micro second.
[INFO] GE(1682716,python):2024-07-23-11:56:31.041.512 [graph_manager.cc:1089][EVENT]1687011 PreRunOptimizeOriginalGraph:[GEPERFTRACE] The time cost of GraphManager::stages.preparer.PrepareRunningFormatRefiner is [146] micro second.
<__main__.FlexiCubes object at 0xffffab74e2e0>
v shape (274625, 3)
i shape (262144, 8)
[INFO] GE(1682716,python):2024-07-23-11:56:31.910.257 [graph_manager.cc:1090][EVENT]1687011 PreRunOptimizeOriginalGraph:[GEPERFTRACE] The time cost of GraphManager::stages.optimizer.OptimizeOriginalGraphJudgeInsert is [868725] micro second.
[INFO] GE(1682716,python):2024-07-23-11:56:31.910.365 [pass_manager.cc:75][EVENT]1687011 Run:[GEPERFTRACE] The time cost of SubexpressionMigrationPass is [6] micro second.
[INFO] GE(1682716,python):2024-07-23-11:56:31.910.384 [pass_manager.cc:75][EVENT]1687011 Run:[GEPERFTRACE] The time cost of UnusedArgsCleanPass is [3] micro second.
[INFO] GE(1682716,python):2024-07-23-11:56:31.910.396 [graph_manager.cc:1091][EVENT]1687011 PreRunOptimizeOriginalGraph:[GEPERFTRACE] The time cost of GraphManager::SubexpressionMigration is [51] micro second.
[INFO] GE(1682716,python):2024-07-23-11:56:31.910.447 [pass_manager.cc:75][EVENT]1687011 Run:[GEPERFTRACE] The time cost of OptimizeStage1_1::MergeInputMemcpyPass is [7] micro second.
[INFO] GE(1682716,python):2024-07-23-11:56:31.910.464 [pass_manager.cc:75][EVENT]1687011 Run:[GEPERFTRACE] The time cost of OptimizeStage1_1::SwitchDataEdgesBypass is [5] micro second.
[INFO] GE(1682716,python):2024-07-23-11:56:31.910.479 [pass_manager.cc:75][EVENT]1687011 Run:[GEPERFTRACE] The time cost of OptimizeStage1_1::ConstantFuseSamePass is [5] micro second.
[INFO] GE(1682716,python):2024-07-23-11:56:31.910.500 [pass_manager.cc:75][EVENT]1687011 Run:[GEPERFTRACE] The time cost of OptimizeStage1_1::CSEBeforeFuseDataNodesWithCommonInputPass is [11] micro second.
[INFO] GE(1682716,python):2024-07-23-11:56:31.910.512 [pass_manager.cc:75][EVENT]1687011 Run:[GEPERFTRACE] The time cost of OptimizeStage1_1::FuseDataNodesWithCommonInputPass is [4] micro second.
[INFO] GE(1682716,python):2024-07-23-11:56:31.910.523 [pass_manager.cc:75][EVENT]1687011 Run:[GEPERFTRACE] The time cost of OptimizeStage1_1::CommonSubexpressionEliminationPass is [2] micro second.
[INFO] GE(1682716,python):2024-07-23-11:56:31.910.535 [pass_manager.cc:75][EVENT]1687011 Run:[GEPERFTRACE] The time cost of OptimizeStage1_1::PermutePass is [4] micro second.
[INFO] GE(1682716,python):2024-07-23-11:56:31.910.617 [pass_manager.cc:75][EVENT]1687011 Run:[GEPERFTRACE] The time cost of OptimizeStage1_1::SameTransdataBreadthFusionPass is [73] micro second.
[INFO] GE(1682716,python):2024-07-23-11:56:31.910.678 [pass_manager.cc:75][EVENT]1687011 Run:[GEPERFTRACE] The time cost of OptimizeStage1_1::VariableOpPass is [17] micro second.
[INFO] GE(1682716,python):2024-07-23-11:56:31.910.725 [pass_manager.cc:75][EVENT]1687011 Run:[GEPERFTRACE] The time cost of OptimizeStage1_1::TransOpWithoutReshapeFusionPass is [36] micro second.
[INFO] GE(1682716,python):2024-07-23-11:56:31.910.779 [pass_manager.cc:75][EVENT]1687011 Run:[GEPERFTRACE] The time cost of OptimizeStage1_1::TransOpBreadthFusionPass is [43] micro second.
[INFO] GE(1682716,python):2024-07-23-11:56:31.910.800 [pass_manager.cc:75][EVENT]1687011 Run:[GEPERFTRACE] The time cost of OptimizeStage1_1::DataFlowPreparePass is [10] micro second.
[INFO] GE(1682716,python):2024-07-23-11:56:31.910.813 [pass_manager.cc:75][EVENT]1687011 Run:[GEPERFTRACE] The time cost of OptimizeStage1_1::MergeUnknownShapeNPass is [3] micro second.
[INFO] GE(1682716,python):2024-07-23-11:56:31.910.822 [graph_manager.cc:2707][EVENT]1687011 OptimizeStage1:[GEPERFTRACE] The time cost of GraphManager::OptimizeStage1_1 is [383] micro second.
[INFO] GE(1682716,python):2024-07-23-11:56:31.911.035 [base_pass.cc:332][EVENT]1687011 Run:[GEPERFTRACE] The time cost of EnterPass is [2] micro second, call num is [5]
[INFO] GE(1682716,python):2024-07-23-11:56:31.911.053 [base_pass.cc:332][EVENT]1687011 Run:[GEPERFTRACE] The time cost of AddNPass is [3] micro second, call num is [5]
[INFO] GE(1682716,python):2024-07-23-11:56:31.911.061 [base_pass.cc:332][EVENT]1687011 Run:[GEPERFTRACE] The time cost of SwitchDeadBranchElimination is [3] micro second, call num is [5]
[INFO] GE(1682716,python):2024-07-23-11:56:31.911.069 [base_pass.cc:332][EVENT]1687011 Run:[GEPERFTRACE] The time cost of SwitchLogicRemovePass is [1] micro second, call num is [5]
[INFO] GE(1682716,python):2024-07-23-11:56:31.911.076 [base_pass.cc:332][EVENT]1687011 Run:[GEPERFTRACE] The time cost of MergePass is [4] micro second, call num is [5]
[INFO] GE(1682716,python):2024-07-23-11:56:31.911.083 [base_pass.cc:332][EVENT]1687011 Run:[GEPERFTRACE] The time cost of CastRemovePass is [18] micro second, call num is [5]
[INFO] GE(1682716,python):2024-07-23-11:56:31.911.091 [base_pass.cc:332][EVENT]1687011 Run:[GEPERFTRACE] The time cost of TransposeTransDataPass is [4] micro second, call num is [5]
[INFO] GE(1682716,python):2024-07-23-11:56:31.911.098 [base_pass.cc:332][EVENT]1687011 Run:[GEPERFTRACE] The time cost of ReshapeRemovePass is [2] micro second, call num is [5]
[INFO] GE(1682716,python):2024-07-23-11:56:31.911.105 [base_pass.cc:332][EVENT]1687011 Run:[GEPERFTRACE] The time cost of TransOpSymmetryEliminationPass is [3] micro second, call num is [5]
[INFO] GE(1682716,python):2024-07-23-11:56:31.911.112 [base_pass.cc:332][EVENT]1687011 Run:[GEPERFTRACE] The time cost of TransOpNearbyAllreduceFusionPass is [6] micro second, call num is [5]
[INFO] GE(1682716,python):2024-07-23-11:56:31.911.119 [base_pass.cc:332][EVENT]1687011 Run:[GEPERFTRACE] The time cost of ReplaceWithEmptyConstPass is [18] micro second, call num is [5]
[INFO] GE(1682716,python):2024-07-23-11:56:31.911.126 [base_pass.cc:332][EVENT]1687011 Run:[GEPERFTRACE] The time cost of DimensionComputePass is [15] micro second, call num is [5]
[INFO] GE(1682716,python):2024-07-23-11:56:31.911.133 [base_pass.cc:332][EVENT]1687011 Run:[GEPERFTRACE] The time cost of ConstantClipPass is [2] micro second, call num is [5]
[INFO] GE(1682716,python):2024-07-23-11:56:31.911.140 [base_pass.cc:332][EVENT]1687011 Run:[GEPERFTRACE] The time cost of ConstantFoldingPass is [25] micro second, call num is [5]
[INFO] GE(1682716,python):2024-07-23-11:56:31.911.146 [base_pass.cc:332][EVENT]1687011 Run:[GEPERFTRACE] The time cost of DimensionAdjustPass is [7] micro second, call num is [5]
[INFO] GE(1682716,python):2024-07-23-11:56:31.911.153 [base_pass.cc:332][EVENT]1687011 Run:[GEPERFTRACE] The time cost of UselessControlOutRemovePass is [3] micro second, call num is [5]
[INFO] GE(1682716,python):2024-07-23-11:56:31.911.173 [graph_manager.cc:2750][EVENT]1687011 OptimizeStage1:[GEPERFTRACE] The time cost of GraphManager::OptimizeStage1_2 is [332] micro second.
[INFO] GE(1682716,python):2024-07-23-11:56:31.911.182 [graph_manager.cc:2761][EVENT]1687011 OptimizeStage1:[GEPERFTRACE] The time cost of extern constant folding is [0] micro second.
[INFO] GE(1682716,python):2024-07-23-11:56:31.911.207 [pass_manager.cc:75][EVENT]1687011 Run:[GEPERFTRACE] The time cost of OptimizeStage1_3::Migration is [4] micro second.
[INFO] GE(1682716,python):2024-07-23-11:56:31.911.218 [pass_manager.cc:75][EVENT]1687011 Run:[GEPERFTRACE] The time cost of OptimizeStage1_3::ArgsClean is [1] micro second.
[INFO] GE(1682716,python):2024-07-23-11:56:31.911.238 [pass_manager.cc:75][EVENT]1687011 Run:[GEPERFTRACE] The time cost of OptimizeStage1_3::PrunePass is [11] micro second.
[INFO] GE(1682716,python):2024-07-23-11:56:31.911.251 [pass_manager.cc:75][EVENT]1687011 Run:[GEPERFTRACE] The time cost of OptimizeStage1_3::NextIterationPass is [5] micro second.
[INFO] GE(1682716,python):2024-07-23-11:56:31.911.262 [pass_manager.cc:75][EVENT]1687011 Run:[GEPERFTRACE] The time cost of OptimizeStage1_3::ControlTriggerPass is [2] micro second.
[INFO] GE(1682716,python):2024-07-23-11:56:31.911.274 [pass_manager.cc:75][EVENT]1687011 Run:[GEPERFTRACE] The time cost of OptimizeStage1_3::MergeToStreamMergePass is [4] micro second.
[INFO] GE(1682716,python):2024-07-23-11:56:31.911.304 [pass_manager.cc:75][EVENT]1687011 Run:[GEPERFTRACE] The time cost of OptimizeStage1_3::SwitchToStreamSwitchPass is [19] micro second.
[INFO] GE(1682716,python):2024-07-23-11:56:31.911.319 [pass_manager.cc:75][EVENT]1687011 Run:[GEPERFTRACE] The time cost of OptimizeStage1_3::AttachStreamLabelPass is [6] micro second.
[INFO] GE(1682716,python):2024-07-23-11:56:31.911.333 [pass_manager.cc:75][EVENT]1687011 Run:[GEPERFTRACE] The time cost of OptimizeStage1_3::MultiBatchPass is [4] micro second.
[INFO] GE(1682716,python):2024-07-23-11:56:31.911.342 [pass_manager.cc:75][EVENT]1687011 Run:[GEPERFTRACE] The time cost of OptimizeStage1_3::SubgraphMultiDimsPass is [1] micro second.
[INFO] GE(1682716,python):2024-07-23-11:56:31.911.356 [pass_manager.cc:75][EVENT]1687011 Run:[GEPERFTRACE] The time cost of OptimizeStage1_3::IteratorOpPass is [7] micro second.
[INFO] GE(1682716,python):2024-07-23-11:56:31.911.367 [pass_manager.cc:75][EVENT]1687011 Run:[GEPERFTRACE] The time cost of OptimizeStage1_3::VariableRefUselessControlOutDeletePass is [3] micro second.
[INFO] GE(1682716,python):2024-07-23-11:56:31.911.386 [pass_manager.cc:75][EVENT]1687011 Run:[GEPERFTRACE] The time cost of OptimizeStage1_3::ReshapeRecoveryPass is [9] micro second.
[INFO] GE(1682716,python):2024-07-23-11:56:31.911.404 [pass_manager.cc:75][EVENT]1687011 Run:[GEPERFTRACE] The time cost of OptimizeStage1_3::RemoveSameConstPass is [8] micro second.
[INFO] GE(1682716,python):2024-07-23-11:56:31.911.414 [pass_manager.cc:75][EVENT]1687011 Run:[GEPERFTRACE] The time cost of OptimizeStage1_3::HcclMemcpyPass is [3] micro second.
[INFO] GE(1682716,python):2024-07-23-11:56:31.911.428 [pass_manager.cc:75][EVENT]1687011 Run:[GEPERFTRACE] The time cost of OptimizeStage1_3::AttachedResourcePass is [6] micro second.
[INFO] GE(1682716,python):2024-07-23-11:56:31.911.436 [graph_manager.cc:2824][EVENT]1687011 OptimizeStage1:[GEPERFTRACE] The time cost of GraphManager::OptimizeStage1_3 is [234] micro second.
[INFO] GE(1682716,python):2024-07-23-11:56:31.911.470 [base_pass.cc:332][EVENT]1687011 Run:[GEPERFTRACE] The time cost of IdentityPass is [5] micro second, call num is [5]
[INFO] GE(1682716,python):2024-07-23-11:56:31.911.484 [graph_manager.cc:2835][EVENT]1687011 OptimizeStage1:[GEPERFTRACE] The time cost of GraphPrepare::node_pass is [40] micro second.
[INFO] GE(1682716,python):2024-07-23-11:56:31.911.514 [graph_manager.cc:1098][EVENT]1687011 PreRunOptimizeOriginalGraph:[GEPERFTRACE] The time cost of GraphManager::OptimizeStage1 is [1086] micro second.
[INFO] GE(1682716,python):2024-07-23-11:56:31.911.815 [graph_manager.cc:1099][EVENT]1687011 PreRunOptimizeOriginalGraph:[GEPERFTRACE] The time cost of GraphManager::stages.optimizer.OptimizeAfterStage1 is [289] micro second.
[INFO] GE(1682716,python):2024-07-23-11:56:31.911.887 [graph_manager.cc:1100][EVENT]1687011 PreRunOptimizeOriginalGraph:[GEPERFTRACE] The time cost of GraphManager::GraphUtilsEx::InferShapeInNeed is [28] micro second.
[INFO] GE(1682716,python):2024-07-23-11:56:31.911.908 [pass_manager.cc:75][EVENT]1687011 Run:[GEPERFTRACE] The time cost of PreRun::CtrlEdgeTransferPass is [2] micro second.
[INFO] GE(1682716,python):2024-07-23-11:56:31.911.917 [graph_manager.cc:1105][EVENT]1687011 PreRunOptimizeOriginalGraph:PreRun:PreRunOptimizeOriginalGraph success.
[INFO] GE(1682716,python):2024-07-23-11:56:31.911.941 [graph_manager.cc:3341][EVENT]1687011 OptimizeSubgraph:[GEPERFTRACE] The time cost of OptimizeSubgraph::StagePartition is [4] micro second.
[INFO] GE(1682716,python):2024-07-23-11:56:31.914.574 [engine_place.cc:164][EVENT]1687011 Run:The time cost of AIcoreEngine::CheckSupported is [1084] micro second.
[INFO] GE(1682716,python):2024-07-23-11:56:31.914.611 [engine_place.cc:164][EVENT]1687011 Run:The time cost of DNN_VM_GE_LOCAL_OP_STORE::CheckSupported is [69] micro second.
[INFO] GE(1682716,python):2024-07-23-11:56:31.914.622 [engine_place.cc:164][EVENT]1687011 Run:The time cost of DNN_VM_RTS_OP_STORE::CheckSupported is [76] micro second.
[INFO] GE(1682716,python):2024-07-23-11:56:31.915.079 [graph_manager.cc:3353][EVENT]1687011 OptimizeSubgraph:[GEPERFTRACE] The time cost of OptimizeSubgraph::EnginePlacer1 is [3123] micro second.
[INFO] GE(1682716,python):2024-07-23-11:56:31.915.281 [graph_manager.cc:3365][EVENT]1687011 OptimizeSubgraph:[GEPERFTRACE] The time cost of OptimizeSubgraph::GraphPartitionDynamicShape is [150] micro second.
[INFO] GE(1682716,python):2024-07-23-11:56:31.915.329 [graph_manager.cc:3371][EVENT]1687011 OptimizeSubgraph:[GEPERFTRACE] The time cost of OptimizeSubgraph::EnginePlacer2 is [25] micro second.
[INFO] GE(1682716,python):2024-07-23-11:56:31.915.346 [graph_manager.cc:3384][EVENT]1687011 OptimizeSubgraph:[GEPERFTRACE] The time cost of OptimizeSubgraph::SubgraphPartitionAndOptimization::CompositeEngine is [3] micro second.
[INFO] GE(1682716,python):2024-07-23-11:56:31.915.443 [engine_partitioner.cc:1130][EVENT]1687011 PartitionSubGraph:[GEPERFTRACE] The time cost of EnginePartitioner::PartitionInitialize is [29] micro second.
[INFO] GE(1682716,python):2024-07-23-11:56:31.915.466 [engine_partitioner.cc:1137][EVENT]1687011 PartitionSubGraph:[GEPERFTRACE] The time cost of EnginePartitioner::PartitionMarkClusters is [9] micro second.
[INFO] GE(1682716,python):2024-07-23-11:56:31.915.736 [engine_partitioner.cc:1143][EVENT]1687011 PartitionSubGraph:[GEPERFTRACE] The time cost of EnginePartitioner::PartitionSplitSubGraphs is [259] micro second.
[INFO] GE(1682716,python):2024-07-23-11:56:31.915.790 [engine_partitioner.cc:1150][EVENT]1687011 PartitionSubGraph:[GEPERFTRACE] The time cost of EnginePartitioner::PartitionSortSubGraphs is [35] micro second.
[INFO] GE(1682716,python):2024-07-23-11:56:31.915.847 [engine_partitioner.cc:1159][EVENT]1687011 PartitionSubGraph:[GEPERFTRACE] The time cost of EnginePartitioner::PartitionAddPartitionsToGraphNode is [44] micro second.
[INFO] GE(1682716,python):2024-07-23-11:56:31.915.876 [graph_manager.cc:3425][EVENT]1687011 SubgraphPartitionAndOptimization:[GEPERFTRACE] The time cost of OptimizeSubgraph::Partition1 is [516] micro second.
[INFO] GE(1682716,python):2024-07-23-11:56:31.915.904 [graph_manager.cc:3432][EVENT]1687011 SubgraphPartitionAndOptimization:[GEPERFTRACE] The time cost of OptimizeSubgraph::SetSubgraphPreProc is [16] micro second.
[INFO] ATRACE(1682716,python):2024-07-23-11:56:31.917.273 [tracer_mgr_operate.c:66](tid:1689221) create object FE_CompileTd_2 success, exitSave(false).
[INFO] GE(1682716,python):2024-07-23-11:56:31.928.479 [graph_manager.cc:3442][EVENT]1687011 SubgraphPartitionAndOptimization:[GEPERFTRACE] The time cost of OptimizeSubgraph::SetSubGraph is [12558] micro second.
[INFO] GE(1682716,python):2024-07-23-11:56:31.928.540 [graph_manager.cc:3448][EVENT]1687011 SubgraphPartitionAndOptimization:[GEPERFTRACE] The time cost of OptimizeSubgraph::SetSubgraphPostProc is [13] micro second.
[INFO] GE(1682716,python):2024-07-23-11:56:31.931.509 [graph_manager.cc:3487][EVENT]1687011 SubgraphPartitionAndOptimization:[GEPERFTRACE] The time cost of OptimizeSubgraph::MergeSubGraph is [2945] micro second.
[INFO] GE(1682716,python):2024-07-23-11:56:31.931.559 [graph_manager.cc:3397][EVENT]1687011 OptimizeSubgraph:[GEPERFTRACE] The time cost of OptimizeSubgraph::SubgraphPartitionAndOptimization::AtomicEngine is [16200] micro second.
[INFO] GE(1682716,python):2024-07-23-11:56:31.931.578 [graph_manager.cc:1114][EVENT]1687011 PreRunOptimizeSubGraph:[GEPERFTRACE] The time cost of GraphManager::OptimizeSubgraph is [19644] micro second.
[INFO] GE(1682716,python):2024-07-23-11:56:31.931.591 [graph_manager.cc:1123][EVENT]1687011 PreRunOptimizeSubGraph:PreRun:PreRunOptimizeSubGraph success.
[INFO] GE(1682716,python):2024-07-23-11:56:31.931.616 [graph_manager.cc:1138][EVENT]1687011 PreRunAfterOptimizeSubGraph:[GEPERFTRACE] The time cost of GraphManager::stages.optimizer.ReplacePrecompiledNodeWithOmGraph is [8] micro second.
[INFO] GE(1682716,python):2024-07-23-11:56:31.931.695 [graph_manager.cc:1139][EVENT]1687011 PreRunAfterOptimizeSubGraph:[GEPERFTRACE] The time cost of GraphManager::stages.optimizer.OptimizeWholeGraph is [64] micro second.
[INFO] GE(1682716,python):2024-07-23-11:56:31.931.731 [pass_manager.cc:75][EVENT]1687011 Run:[GEPERFTRACE] The time cost of OptimizeStage2::AfterMergePasses::LinkGenMaskNodesPass is [13] micro second.
[INFO] GE(1682716,python):2024-07-23-11:56:31.931.750 [pass_manager.cc:75][EVENT]1687011 Run:[GEPERFTRACE] The time cost of OptimizeStage2::HcclContinuousMemcpyPass is [7] micro second.
[INFO] GE(1682716,python):2024-07-23-11:56:31.931.759 [graph_manager.cc:2851][EVENT]1687011 OptimizeStage2:[GEPERFTRACE] The time cost of OptimizeStage2::AfterMergePasses is [44] micro second.
[INFO] GE(1682716,python):2024-07-23-11:56:31.931.879 [base_pass.cc:332][EVENT]1687011 Run:[GEPERFTRACE] The time cost of ConstantFoldingPass is [22] micro second, call num is [5]
[INFO] GE(1682716,python):2024-07-23-11:56:31.931.910 [base_pass.cc:332][EVENT]1687011 Run:[GEPERFTRACE] The time cost of ReshapeRemovePass is [2] micro second, call num is [5]
[INFO] GE(1682716,python):2024-07-23-11:56:31.931.919 [base_pass.cc:332][EVENT]1687011 Run:[GEPERFTRACE] The time cost of CondRemovePass is [4] micro second, call num is [5]
[INFO] GE(1682716,python):2024-07-23-11:56:31.931.927 [base_pass.cc:332][EVENT]1687011 Run:[GEPERFTRACE] The time cost of BitcastPass is [2] micro second, call num is [5]
[INFO] GE(1682716,python):2024-07-23-11:56:31.931.934 [base_pass.cc:332][EVENT]1687011 Run:[GEPERFTRACE] The time cost of AssignRemovePass is [7] micro second, call num is [5]
[INFO] GE(1682716,python):2024-07-23-11:56:31.931.941 [base_pass.cc:332][EVENT]1687011 Run:[GEPERFTRACE] The time cost of DimensionAdjustPass is [11] micro second, call num is [5]
[INFO] GE(1682716,python):2024-07-23-11:56:31.931.950 [graph_manager.cc:2878][EVENT]1687011 OptimizeStage2:[GEPERFTRACE] The time cost of OptimizeStage2::MergedGraphNameToPasses is [172] micro second.
[INFO] GE(1682716,python):2024-07-23-11:56:31.931.962 [graph_manager.cc:2886][EVENT]1687011 OptimizeStage2:[GEPERFTRACE] The time cost of OptimizeStage2::RemoveIsolatedConst is [5] micro second.
[INFO] GE(1682716,python):2024-07-23-11:56:31.931.983 [pass_manager.cc:75][EVENT]1687011 Run:[GEPERFTRACE] The time cost of OptimizeStage2::ControlAttrOptimize::MultiBatchPass is [3] micro second.
[INFO] GE(1682716,python):2024-07-23-11:56:31.931.997 [pass_manager.cc:75][EVENT]1687011 Run:[GEPERFTRACE] The time cost of OptimizeStage2::AfterMergePasses::RefIdentityDeleteOpPass is [4] micro second.
[INFO] GE(1682716,python):2024-07-23-11:56:31.932.012 [pass_manager.cc:75][EVENT]1687011 Run:[GEPERFTRACE] The time cost of OptimizeStage2::AfterMergePasses::VariableRefDeleteOpPass is [7] micro second.
[INFO] GE(1682716,python):2024-07-23-11:56:31.932.038 [compile_nodes_pass.cc:81][EVENT]1687011 Run:[GEPERFTRACE] The time cost of OptimizeStage2::ControlAttrOptimize::CompileNodesPass is [5] micro second.
[INFO] GE(1682716,python):2024-07-23-11:56:31.932.048 [pass_manager.cc:75][EVENT]1687011 Run:[GEPERFTRACE] The time cost of OptimizeStage2::ControlAttrOptimize::CompileNodesPass is [15] micro second.
[INFO] GE(1682716,python):2024-07-23-11:56:31.932.058 [pass_manager.cc:75][EVENT]1687011 Run:[GEPERFTRACE] The time cost of OptimizeStage2::AfterMergePasses::SwapSpacePass is [2] micro second.
[INFO] GE(1682716,python):2024-07-23-11:56:31.932.175 [pass_manager.cc:75][EVENT]1687011 Run:[GEPERFTRACE] The time cost of OptimizeStage2::AfterMergePasses::InputOutputConnectionIdentifyPass is [109] micro second.
[INFO] GE(1682716,python):2024-07-23-11:56:31.932.218 [pass_manager.cc:75][EVENT]1687011 Run:[GEPERFTRACE] The time cost of OptimizeStage2::AfterMergePasses::AtomicAddrCleanPass is [28] micro second.
[INFO] GE(1682716,python):2024-07-23-11:56:31.932.230 [pass_manager.cc:75][EVENT]1687011 Run:[GEPERFTRACE] The time cost of OptimizeStage2::AfterMergePasses::EndOfSequenceAddControlPass is [3] micro second.
[INFO] GE(1682716,python):2024-07-23-11:56:31.932.246 [pass_manager.cc:75][EVENT]1687011 Run:[GEPERFTRACE] The time cost of OptimizeStage2::ControlAttrOptimize::SubgraphPass is [5] micro second.
[INFO] GE(1682716,python):2024-07-23-11:56:31.932.259 [pass_manager.cc:75][EVENT]1687011 Run:[GEPERFTRACE] The time cost of OptimizeStage2::ControlAttrOptimize::AttachStreamLabelPass is [5] micro second.
[INFO] GE(1682716,python):2024-07-23-11:56:31.932.267 [graph_manager.cc:2941][EVENT]1687011 OptimizeStage2:[GEPERFTRACE] The time cost of OptimizeStage2::ControlAttrOptimize is [287] micro second.
[INFO] GE(1682716,python):2024-07-23-11:56:31.932.285 [graph_manager.cc:2951][EVENT]1687011 OptimizeStage2:[GEPERFTRACE] The time cost of ModelBuilder::AssignFunctionalLabels is [10] micro second.
[INFO] GE(1682716,python):2024-07-23-11:56:31.932.295 [graph_manager.cc:2957][EVENT]1687011 OptimizeStage2:[GEPERFTRACE] The time cost of MemcpyAddrAsyncPass::Run. is [1] micro second.
[INFO] GE(1682716,python):2024-07-23-11:56:31.932.305 [graph_manager.cc:2964][EVENT]1687011 OptimizeStage2:[GEPERFTRACE] The time cost of BufferPoolMemoryPass::Run. is [2] micro second.
[INFO] GE(1682716,python):2024-07-23-11:56:31.943.860 [graph_manager.cc:2972][EVENT]1687011 OptimizeStage2:[GEPERFTRACE] The time cost of ParallelGroupPass::Run. is [66] micro second.
[INFO] GE(1682716,python):2024-07-23-11:56:31.943.924 [graph_manager.cc:1140][EVENT]1687011 PreRunAfterOptimizeSubGraph:[GEPERFTRACE] The time cost of GraphManager::OptimizeStage2 is [12212] micro second.
[INFO] GE(1682716,python):2024-07-23-11:56:31.945.838 [graph_manager.cc:1143][EVENT]1687011 PreRunAfterOptimizeSubGraph:[GEPERFTRACE] The time cost of GraphManager::GetCompilerStages(graph_node->GetGraphId()).optimizer.OptimizeGraphBeforeBuild is [1896] micro second.
[INFO] GE(1682716,python):2024-07-23-11:56:31.945.903 [graph_manager.cc:2992][EVENT]1687011 MemConflictProc:[GEPERFTRACE] The time cost of HandleMemoryRWConflict is [27] micro second.
[INFO] GE(1682716,python):2024-07-23-11:56:31.945.942 [graph_manager.cc:2998][EVENT]1687011 MemConflictProc:[GEPERFTRACE] The time cost of MemLayoutConflictOptimizer::Run. is [22] micro second.
[INFO] GE(1682716,python):2024-07-23-11:56:31.945.959 [pass_manager.cc:75][EVENT]1687011 Run:[GEPERFTRACE] The time cost of OptimizeStage2::SetFftsPlusAttrPass is [1] micro second.
[INFO] GE(1682716,python):2024-07-23-11:56:31.945.971 [graph_manager.cc:3003][EVENT]1687011 MemConflictProc:[GEPERFTRACE] The time cost of SetFftsPlusAttrPass::last_passes.Run is [16] micro second.
[INFO] GE(1682716,python):2024-07-23-11:56:31.945.980 [graph_manager.cc:1144][EVENT]1687011 PreRunAfterOptimizeSubGraph:[GEPERFTRACE] The time cost of GraphManager::MemConflictProc is [104] micro second.
[INFO] GE(1682716,python):2024-07-23-11:56:31.946.150 [graph_manager.cc:3612][EVENT]1687011 Build:[GEPERFTRACE] The time cost of GraphManager::RecoverIrDefinitionAndModifyAippData is [119] micro second.
[INFO] GE(1682716,python):2024-07-23-11:56:31.946.213 [graph_mem_assigner.cc:102][EVENT]1687011 ~FuncPerfScope:[GEPERFTRACE] The time cost of GraphMemoryAssigner::AssignVarMemory is [10] micro second.
[INFO] GE(1682716,python):2024-07-23-11:56:31.946.341 [engine_partitioner.cc:1130][EVENT]1687011 PartitionSubGraph:[GEPERFTRACE] The time cost of EnginePartitioner::PartitionInitialize is [41] micro second.
[INFO] GE(1682716,python):2024-07-23-11:56:31.946.361 [engine_partitioner.cc:1137][EVENT]1687011 PartitionSubGraph:[GEPERFTRACE] The time cost of EnginePartitioner::PartitionMarkClusters is [4] micro second.
[INFO] GE(1682716,python):2024-07-23-11:56:31.946.555 [engine_partitioner.cc:1143][EVENT]1687011 PartitionSubGraph:[GEPERFTRACE] The time cost of EnginePartitioner::PartitionSplitSubGraphs is [183] micro second.
[INFO] GE(1682716,python):2024-07-23-11:56:31.946.604 [engine_partitioner.cc:1150][EVENT]1687011 PartitionSubGraph:[GEPERFTRACE] The time cost of EnginePartitioner::PartitionSortSubGraphs is [30] micro second.
[INFO] GE(1682716,python):2024-07-23-11:56:31.946.653 [engine_partitioner.cc:1159][EVENT]1687011 PartitionSubGraph:[GEPERFTRACE] The time cost of EnginePartitioner::PartitionAddPartitionsToGraphNode is [37] micro second.
[INFO] GE(1682716,python):2024-07-23-11:56:31.946.678 [graph_builder.cc:939][EVENT]1687011 SecondPartition:[GEPERFTRACE] The time cost of EnginePartitioner::Partition2 is [408] micro second.
[INFO] RUNTIME(1682716,python):2024-07-23-11:56:31.947.317 [logger.cc:1042] 1687011 ModelBindStream: model_id=64, stream_id=0, flag=0.
[INFO] GE(1682716,python):2024-07-23-11:56:31.947.364 [task_generator.cc:801][EVENT]1687011 GenerateTask:[GEPERFTRACE] The time cost of TaskGenerator::SetStreamCtx is [191] micro second.
[INFO] GE(1682716,python):2024-07-23-11:56:31.947.457 [task_generator.cc:802][EVENT]1687011 GenerateTask:[GEPERFTRACE] The time cost of TaskGenerator::PrepareForGenerateTask is [78] micro second.
[INFO] GE(1682716,python):2024-07-23-11:56:31.948.543 [task_generator.cc:811][EVENT]1687011 GenerateTask:[GEPERFTRACE] The time cost of TaskGenerator::DoGenerateTask is [1068] micro second.
[INFO] GE(1682716,python):2024-07-23-11:56:31.948.564 [task_generator.cc:960][EVENT]1687011 GetTaskInfo:[GEPERFTRACE] The time cost of TaskGenerator::GenerateTask is [1392] micro second.
[INFO] GE(1682716,python):2024-07-23-11:56:31.948.630 [task_generator.cc:973][EVENT]1687011 GetTaskInfo:[GEPERFTRACE] The time cost of TaskGenerator::AddModelTaskToModel is [39] micro second.
[INFO] RUNTIME(1682716,python):2024-07-23-11:56:31.948.648 [logger.cc:1054] 1687011 ModelUnbindStream: model_id=64, stream_id=0.
[INFO] GE(1682716,python):2024-07-23-11:56:31.948.880 [graph_builder.cc:102][EVENT]1687011 ~FuncPerfScope:[GEPERFTRACE] The time cost of GraphBuilder::Build is [2693] micro second.
[INFO] GE(1682716,python):2024-07-23-11:56:31.948.904 [graph_manager.cc:1160][EVENT]1687011 PreRunAfterOptimizeSubGraph:[GEPERFTRACE] The time cost of GraphManager::Build is [2884] micro second.
[INFO] GE(1682716,python):2024-07-23-11:56:31.948.919 [graph_manager.cc:1172][EVENT]1687011 PreRunAfterOptimizeSubGraph:PreRun:PreRunAfterOptimizeSubGraph success.
[INFO] ATRACE(1682716,python):2024-07-23-11:56:31.949.384 [tracer_mgr_operate.c:248](tid:1687011) destory object RUNTIME_ATRACE_DEV64_TS0, exitSave(false).
[INFO] ATRACE(1682716,python):2024-07-23-11:56:31.949.410 [atrace_client_core.c:176](tid:1687011) it's for host aicpu, devId=64.
[INFO] GE(1682716,python):2024-07-23-11:56:31.949.675 [graph_manager.cc:1278][EVENT]1687011 PreRun:[GEPERFTRACE] The time cost of FlowModelBuild is [4314458] micro second.
[INFO] GE(1682716,python):2024-07-23-11:56:31.949.695 [graph_manager.cc:1279][EVENT]1687011 PreRun:[GEPERFTRACE] GE PreRun End
[INFO] GE(1682716,python):2024-07-23-11:56:31.955.145 [model_converter.cc:484][EVENT]1687011 CollectAndReserveStreamResource:Model online_0 require reusable stream num is 1 attached stream num is 0 event num is 0 notify num is 0.
[INFO] GE(1682716,python):2024-07-23-11:56:31.957.891 [graph_converter.cc:1078][EVENT]1687011 ConvertComputeGraphToExecuteGraph:[GEPERFTRACE] The time cost of ConvertComputeGraphToExecuteGraph::CreateMainNode is [2310] micro second.
[INFO] GE(1682716,python):2024-07-23-11:56:31.958.042 [base_optimizer.cc:63][EVENT]1687011 Run:[GEPERFTRACE] The time cost of ZeroCopy is [106] micro second.
[INFO] GE(1682716,python):2024-07-23-11:56:31.958.736 [base_optimizer.cc:63][EVENT]1687011 Run:[GEPERFTRACE] The time cost of CEM is [668] micro second.
[INFO] GE(1682716,python):2024-07-23-11:56:31.959.058 [copy_flow_launch_fuse.cc:492][EVENT]1687011 Run:[GEPERFTRACE] The time cost of Pass::CopyFlowLaunchFuse is [292] micro second.
[INFO] GE(1682716,python):2024-07-23-11:56:31.959.085 [base_optimizer.cc:63][EVENT]1687011 Run:[GEPERFTRACE] The time cost of CopyFlowLaunch is [321] micro second.
[INFO] GE(1682716,python):2024-07-23-11:56:31.959.249 [base_optimizer.cc:63][EVENT]1687011 Run:[GEPERFTRACE] The time cost of TrustOutTensor is [151] micro second.
[INFO] GE(1682716,python):2024-07-23-11:56:31.959.269 [base_optimizer.cc:63][EVENT]1687011 Run:[GEPERFTRACE] The time cost of AicpuFuseHostInputs is [4] micro second.
[INFO] GE(1682716,python):2024-07-23-11:56:31.959.296 [base_optimizer.cc:63][EVENT]1687011 Run:[GEPERFTRACE] The time cost of ZeroCopy is [16] micro second.
[INFO] GE(1682716,python):2024-07-23-11:56:31.959.534 [base_optimizer.cc:63][EVENT]1687011 Run:[GEPERFTRACE] The time cost of CEM is [227] micro second.
[INFO] GE(1682716,python):2024-07-23-11:56:31.959.607 [copy_flow_launch_fuse.cc:492][EVENT]1687011 Run:[GEPERFTRACE] The time cost of Pass::CopyFlowLaunchFuse is [51] micro second.
[INFO] GE(1682716,python):2024-07-23-11:56:31.959.620 [base_optimizer.cc:63][EVENT]1687011 Run:[GEPERFTRACE] The time cost of CopyFlowLaunch is [65] micro second.
[INFO] GE(1682716,python):2024-07-23-11:56:31.959.640 [base_optimizer.cc:63][EVENT]1687011 Run:[GEPERFTRACE] The time cost of TrustOutTensor is [11] micro second.
[INFO] GE(1682716,python):2024-07-23-11:56:31.959.649 [base_optimizer.cc:63][EVENT]1687011 Run:[GEPERFTRACE] The time cost of AicpuFuseHostInputs is [0] micro second.
[INFO] GE(1682716,python):2024-07-23-11:56:31.959.666 [base_optimizer.cc:63][EVENT]1687011 Run:[GEPERFTRACE] The time cost of ZeroCopy is [9] micro second.
[INFO] GE(1682716,python):2024-07-23-11:56:31.959.750 [base_optimizer.cc:63][EVENT]1687011 Run:[GEPERFTRACE] The time cost of CEM is [76] micro second.
[INFO] GE(1682716,python):2024-07-23-11:56:31.959.805 [copy_flow_launch_fuse.cc:492][EVENT]1687011 Run:[GEPERFTRACE] The time cost of Pass::CopyFlowLaunchFuse is [44] micro second.
[INFO] GE(1682716,python):2024-07-23-11:56:31.959.814 [base_optimizer.cc:63][EVENT]1687011 Run:[GEPERFTRACE] The time cost of CopyFlowLaunch is [54] micro second.
[INFO] GE(1682716,python):2024-07-23-11:56:31.959.832 [base_optimizer.cc:63][EVENT]1687011 Run:[GEPERFTRACE] The time cost of TrustOutTensor is [10] micro second.
[INFO] GE(1682716,python):2024-07-23-11:56:31.959.840 [base_optimizer.cc:63][EVENT]1687011 Run:[GEPERFTRACE] The time cost of AicpuFuseHostInputs is [0] micro second.
[INFO] GE(1682716,python):2024-07-23-11:56:31.959.851 [graph_converter.cc:1089][EVENT]1687011 ConvertComputeGraphToExecuteGraph:[GEPERFTRACE] The time cost of ConvertComputeGraphToExecuteGraph::RunAllPass is [1922] micro second.
[INFO] GE(1682716,python):2024-07-23-11:56:31.960.027 [graph_converter.cc:1093][EVENT]1687011 ConvertComputeGraphToExecuteGraph:[GEPERFTRACE] The time cost of ConvertComputeGraphToExecuteGraph::TopologicalSorting is [167] micro second.
[INFO] GE(1682716,python):2024-07-23-11:56:31.960.422 [graph_converter.cc:1104][EVENT]1687011 ConvertComputeGraphToExecuteGraph:[GEPERFTRACE] The time cost of ConvertComputeGraphToExecuteGraph::ExecuteGraphAdapter is [378] micro second.
[INFO] GE(1682716,python):2024-07-23-11:56:31.961.577 [graph_converter.cc:1108][EVENT]1687011 ConvertComputeGraphToExecuteGraph:[GEPERFTRACE] The time cost of ConvertComputeGraphToExecuteGraph::AppendGraphLevelData is [1133] micro second.
[INFO] GE(1682716,python):2024-07-23-11:56:31.961.798 [graph_converter.cc:1113][EVENT]1687011 ConvertComputeGraphToExecuteGraph:[GEPERFTRACE] The time cost of ConvertComputeGraphToExecuteGraph::CalculatePriority is [174] micro second.
[INFO] GE(1682716,python):2024-07-23-11:56:31.961.845 [graph_converter.cc:1119][EVENT]1687011 ConvertComputeGraphToExecuteGraph:[GEPERFTRACE] The time cost of ConvertComputeGraphToExecuteGraph::All is [6470] micro second.
[INFO] GE(1682716,python):2024-07-23-11:56:31.962.273 [model_v2_executor_builder.cc:108][EVENT]1687011 Build:[GEPERFTRACE] The time cost of ModelV2ExecutorBuilderBuild::ConstructEquivalentAnchors is [362] micro second.
[INFO] GE(1682716,python):2024-07-23-11:56:31.962.337 [model_v2_executor_builder.cc:112][EVENT]1687011 Build:[GEPERFTRACE] The time cost of ModelV2ExecutorBuilderBuild::AllocRootGraphAnyValues is [36] micro second.
[INFO] GE(1682716,python):2024-07-23-11:56:31.962.366 [model_v2_executor_builder.cc:116][EVENT]1687011 Build:[GEPERFTRACE] The time cost of ModelV2ExecutorBuilderBuild::ReadInBuffer is [16] micro second.
[INFO] GE(1682716,python):2024-07-23-11:56:31.962.383 [model_v2_executor_builder.cc:121][EVENT]1687011 Build:[GEPERFTRACE] The time cost of ModelV2ExecutorBuilderBuild::ReadInComputeNodeInfo is [6] micro second.
[INFO] GE(1682716,python):2024-07-23-11:56:31.962.415 [model_v2_executor_builder.cc:126][EVENT]1687011 Build:[GEPERFTRACE] The time cost of ModelV2ExecutorBuilderBuild::ReadInKernelExtendInfo is [22] micro second.
[INFO] GE(1682716,python):2024-07-23-11:56:31.962.453 [model_v2_executor_builder.cc:131][EVENT]1687011 Build:[GEPERFTRACE] The time cost of ModelV2ExecutorBuilderBuild::ReadInModelDesc is [28] micro second.
[INFO] GE(1682716,python):2024-07-23-11:56:31.963.293 [model_v2_executor_builder.cc:163][EVENT]1687011 Build:[GEPERFTRACE] The time cost of ModelV2ExecutorBuilderBuild::BuildGraph is [829] micro second.
[INFO] GE(1682716,python):2024-07-23-11:56:31.963.425 [model_v2_executor_builder.cc:178][EVENT]1687011 Build:[GEPERFTRACE] The time cost of ModelV2ExecutorBuilderBuild::SubscribersSchedulerInit is [74] micro second.
[INFO] GE(1682716,python):2024-07-23-11:56:31.963.445 [model_v2_executor_builder.cc:179][EVENT]1687011 Build:[GEPERFTRACE] The time cost of ModelV2ExecutorBuilderBuild::All is [1543] micro second.
[INFO] GE(1682716,python):2024-07-23-11:56:35.217.137 [ge_api.cc:514][status:INIT]1682716 ~Session:Start to destruct session.
[INFO] GE(1682716,python):2024-07-23-11:56:35.217.223 [ge_api.cc:526][status:RUNNING]1682716 ~Session:Session id is 0
[INFO] GE(1682716,python):2024-07-23-11:56:35.218.773 [ge_api.cc:540][status:STOP]1682716 ~Session:Session Destructor finished
[INFO] GE(1682716,python):2024-07-23-11:56:35.218.812 [ge_api.cc:350][status:INIT]1682716 GEFinalize:GEFinalize start
[INFO] GE(1682716,python):2024-07-23-11:56:35.219.004 [execution_runtime.cc:76][EVENT]1682716 FinalizeExecutionRuntime:Execution runtime finalize begin.
[INFO] GE(1682716,python):2024-07-23-11:56:35.219.039 [execution_runtime.cc:88][EVENT]1682716 FinalizeExecutionRuntime:Execution runtime finalized.
[INFO] GE(1682716,python):2024-07-23-11:56:35.512.421 [dnnengine_manager.cc:41][EVENT]1682716 ~InvokeFuncPerfRecorder:[GEPERFTRACE] The time cost of InvokeAll [Finalize] in [libaicpu_ascend_engine.so] is [22060] micro second.
[INFO] GE(1682716,python):2024-07-23-11:56:35.512.589 [dnnengine_manager.cc:41][EVENT]1682716 ~InvokeFuncPerfRecorder:[GEPERFTRACE] The time cost of InvokeAll [Finalize] in [libaicpu_tf_engine.so] is [47] micro second.
[INFO] GE(1682716,python):2024-07-23-11:56:35.512.636 [dnnengine_manager.cc:41][EVENT]1682716 ~InvokeFuncPerfRecorder:[GEPERFTRACE] The time cost of InvokeAll [Finalize] in [libdvpp_engine.so] is [14] micro second.
[INFO] TUNE(1682716,python):2024-07-23-11:56:35.527.864 [cann_kb_pyfunc_mgr.cpp:127][CANNKB][Tid:1682716]"CannKbPyfuncMgr: enter PyObjectDeinit function, reference_[1]"
[INFO] TUNE(1682716,python):2024-07-23-11:56:35.527.903 [cann_kb_pyfunc_mgr.cpp:138][CANNKB][Tid:1682716]"CannKbPyfuncMgr: PyObjectDeinit function end successfully!"
[INFO] ATRACE(1682716,python):2024-07-23-11:56:35.539.946 [tracer_mgr_operate.c:248](tid:1682716) destory object FE_Global_Trace, exitSave(false).
[INFO] ATRACE(1682716,python):2024-07-23-11:56:35.539.973 [tracer_mgr_operate.c:248](tid:1682716) destory object FE_Statistics_Trace, exitSave(false).
[INFO] ATRACE(1682716,python):2024-07-23-11:56:35.540.357 [tracer_mgr_operate.c:248](tid:1682716) destory object FE_CompileTd_2, exitSave(false).
[INFO] GE(1682716,python):2024-07-23-11:56:35.540.422 [dnnengine_manager.cc:41][EVENT]1682716 ~InvokeFuncPerfRecorder:[GEPERFTRACE] The time cost of InvokeAll [Finalize] in [libfe.so] is [27770] micro second.
[INFO] GE(1682716,python):2024-07-23-11:56:35.540.521 [dnnengine_manager.cc:41][EVENT]1682716 ~InvokeFuncPerfRecorder:[GEPERFTRACE] The time cost of InvokeAll [Finalize] in [libffts.so] is [82] micro second.
[INFO] GE(1682716,python):2024-07-23-11:56:35.540.563 [dnnengine_manager.cc:41][EVENT]1682716 ~InvokeFuncPerfRecorder:[GEPERFTRACE] The time cost of InvokeAll [Finalize] in [libge_local_engine.so] is [27] micro second.
[INFO] GE(1682716,python):2024-07-23-11:56:35.540.846 [dnnengine_manager.cc:41][EVENT]1682716 ~InvokeFuncPerfRecorder:[GEPERFTRACE] The time cost of InvokeAll [Finalize] in [libhcom_graph_adaptor.so] is [271] micro second.
[INFO] GE(1682716,python):2024-07-23-11:56:35.540.915 [dnnengine_manager.cc:41][EVENT]1682716 ~InvokeFuncPerfRecorder:[GEPERFTRACE] The time cost of InvokeAll [Finalize] in [libhost_cpu_engine.so] is [50] micro second.
[INFO] GE(1682716,python):2024-07-23-11:56:35.540.972 [dnnengine_manager.cc:41][EVENT]1682716 ~InvokeFuncPerfRecorder:[GEPERFTRACE] The time cost of InvokeAll [Finalize] in [librts_engine.so] is [44] micro second.
[INFO] GE(1682716,python):2024-07-23-11:56:35.542.210 [gelib.cc:329][EVENT]1682716 SystemFinalize:Online infer finalize GELib success.
[INFO] GE(1682716,python):2024-07-23-11:56:35.675.354 [ge_api.cc:390][status:STOP]1682716 GEFinalize:GEFinalize finished
[INFO] RUNTIME(1682716,python):2024-07-23-11:56:38.250.127 [runtime.cc:1898] 1682716 ~Runtime: deconstruct runtime
[INFO] RUNTIME(1682716,python):2024-07-23-11:56:38.250.217 [runtime.cc:1905] 1682716 ~Runtime: wait monitor success, use=0.
[INFO] ATRACE(1682716,python):2024-07-23-11:56:38.251.305 [tracer_mgr_operate.c:248](tid:1682716) destory object RUNTIME_ATRACE_DEV1_TS0, exitSave(false).
[INFO] DRV(1682716,python):2024-07-23-11:56:38.262.573 [ascend][curpid: 1682716, 1682716][drv][devmm][drvMemDeviceClose 1966]DrvMemDeviceClose. (devid=1)
[INFO] DRV(1682716,python):2024-07-23-11:56:38.262.610 [ascend][curpid: 1682716, 1682716][drv][devmm][_svm_mem_stats_show 148]SVM_MEM Mem stats (Bytes). (module_name=RUNTIME; module_id=7; current_alloced_size=0; alloced_peak_size=12288; alloc_cnt=1; free_cnt=1)
[INFO] DRV(1682716,python):2024-07-23-11:56:38.262.627 [ascend][curpid: 1682716, 1682716][drv][devmm][_svm_mem_stats_show 148]DEV_MEM dev1 Mem stats (Bytes). (module_name=RUNTIME; module_id=7; current_alloced_size=0; alloced_peak_size=58847232; alloc_cnt=32; free_cnt=32)
[INFO] DRV(1682716,python):2024-07-23-11:56:38.262.639 [ascend][curpid: 1682716, 1682716][drv][devmm][_svm_mem_stats_show 148]DEV_MEM dev1 Mem stats (Bytes). (module_name=APP; module_id=33; current_alloced_size=0; alloced_peak_size=61066969120; alloc_cnt=1; free_cnt=1)
[INFO] DRV(1682716,python):2024-07-23-11:56:38.262.650 [ascend][curpid: 1682716, 1682716][drv][devmm][_svm_mem_stats_show 158]DEV_MEM dev1 Cached_size:62914560Bytes
[INFO] DRV(1682716,python):2024-07-23-11:56:38.262.696 [ascend][curpid: 1682716, 1682716][drv][devmm][_svm_mem_stats_show 148]HOST_MEM Mem stats (Bytes). (module_name=RUNTIME; module_id=7; current_alloced_size=0; alloced_peak_size=11341824; alloc_cnt=3; free_cnt=3)
[INFO] DRV(1682716,python):2024-07-23-11:56:38.262.707 [ascend][curpid: 1682716, 1682716][drv][devmm][_svm_mem_stats_show 158]HOST_MEM Cached_size:12582912Bytes
[INFO] ATRACE(1682716,python):2024-07-23-11:56:39.551.483 [atrace_client_core.c:132](tid:1684964) atrace recv thread exited, devId=1.
